Analysis & Synthesis report for myALU
Tue Mar 12 01:33:21 2024
Quartus II 64-Bit Version 13.1.0 Build 162 10/23/2013 SJ Web Edition


---------------------
; Table of Contents ;
---------------------
  1. Legal Notice
  2. Analysis & Synthesis Summary
  3. Analysis & Synthesis Settings
  4. Parallel Compilation
  5. Analysis & Synthesis Source Files Read
  6. Analysis & Synthesis Resource Usage Summary
  7. Analysis & Synthesis Resource Utilization by Entity
  8. Registers Removed During Synthesis
  9. General Register Statistics
 10. Multiplexer Restructuring Statistics (Restructuring Performed)
 11. Parameter Settings for User Entity Instance: booth_multiplier_8bit:inst8|mux4to1_8bit:inst2|BUSMUX:inst2
 12. Parameter Settings for User Entity Instance: booth_multiplier_8bit:inst8|mux4to1_8bit:inst2|BUSMUX:inst
 13. Parameter Settings for User Entity Instance: booth_multiplier_8bit:inst8|mux4to1_8bit:inst2|BUSMUX:inst1
 14. Parameter Settings for User Entity Instance: booth_multiplier_8bit:inst8|Sub_8bit:inst8|CSA_8bit:inst|MUX:inst5
 15. Parameter Settings for User Entity Instance: booth_multiplier_8bit:inst8|Sub_8bit:inst8|CSA_8bit:inst|BUSMUX:instance
 16. Parameter Settings for User Entity Instance: booth_multiplier_8bit:inst8|Add_8bit:inst4|CSA_8bit:inst|MUX:inst5
 17. Parameter Settings for User Entity Instance: booth_multiplier_8bit:inst8|Add_8bit:inst4|CSA_8bit:inst|BUSMUX:instance
 18. Parameter Settings for User Entity Instance: BUSMUX:inst11
 19. Parameter Settings for User Entity Instance: mux4to1_8bit:inst13|BUSMUX:inst2
 20. Parameter Settings for User Entity Instance: mux4to1_8bit:inst13|BUSMUX:inst
 21. Parameter Settings for User Entity Instance: mux4to1_8bit:inst13|BUSMUX:inst1
 22. Parameter Settings for User Entity Instance: BUSMUX:inst12
 23. Parameter Settings for User Entity Instance: Add_8bit:inst1|CSA_8bit:inst|MUX:inst5
 24. Parameter Settings for User Entity Instance: Add_8bit:inst1|CSA_8bit:inst|BUSMUX:instance
 25. Parameter Settings for User Entity Instance: Sub_8bit:inst5|CSA_8bit:inst|MUX:inst5
 26. Parameter Settings for User Entity Instance: Sub_8bit:inst5|CSA_8bit:inst|BUSMUX:instance
 27. Elapsed Time Per Partition
 28. Analysis & Synthesis Messages



----------------
; Legal Notice ;
----------------
Copyright (C) 1991-2013 Altera Corporation
Your use of Altera Corporation's design tools, logic functions 
and other software and tools, and its AMPP partner logic 
functions, and any output files from any of the foregoing 
(including device programming or simulation files), and any 
associated documentation or information are expressly subject 
to the terms and conditions of the Altera Program License 
Subscription Agreement, Altera MegaCore Function License 
Agreement, or other applicable license agreement, including, 
without limitation, that your use is for the sole purpose of 
programming logic devices manufactured by Altera and sold by 
Altera or its authorized distributors.  Please refer to the 
applicable agreement for further details.



+---------------------------------------------------------------------------------+
; Analysis & Synthesis Summary                                                    ;
+------------------------------------+--------------------------------------------+
; Analysis & Synthesis Status        ; Successful - Tue Mar 12 01:33:21 2024      ;
; Quartus II 64-Bit Version          ; 13.1.0 Build 162 10/23/2013 SJ Web Edition ;
; Revision Name                      ; myALU                                      ;
; Top-level Entity Name              ; myALU                                      ;
; Family                             ; Cyclone IV GX                              ;
; Total logic elements               ; 132                                        ;
;     Total combinational functions  ; 131                                        ;
;     Dedicated logic registers      ; 22                                         ;
; Total registers                    ; 22                                         ;
; Total pins                         ; 31                                         ;
; Total virtual pins                 ; 0                                          ;
; Total memory bits                  ; 0                                          ;
; Embedded Multiplier 9-bit elements ; 0                                          ;
; Total GXB Receiver Channel PCS     ; 0                                          ;
; Total GXB Receiver Channel PMA     ; 0                                          ;
; Total GXB Transmitter Channel PCS  ; 0                                          ;
; Total GXB Transmitter Channel PMA  ; 0                                          ;
; Total PLLs                         ; 0                                          ;
+------------------------------------+--------------------------------------------+


+----------------------------------------------------------------------------------------------------------------------+
; Analysis & Synthesis Settings                                                                                        ;
+----------------------------------------------------------------------------+--------------------+--------------------+
; Option                                                                     ; Setting            ; Default Value      ;
+----------------------------------------------------------------------------+--------------------+--------------------+
; Top-level entity name                                                      ; myALU              ; myALU              ;
; Family name                                                                ; Cyclone IV GX      ; Cyclone IV GX      ;
; Use smart compilation                                                      ; Off                ; Off                ;
; Enable parallel Assembler and TimeQuest Timing Analyzer during compilation ; On                 ; On                 ;
; Enable compact report table                                                ; Off                ; Off                ;
; Restructure Multiplexers                                                   ; Auto               ; Auto               ;
; Create Debugging Nodes for IP Cores                                        ; Off                ; Off                ;
; Preserve fewer node names                                                  ; On                 ; On                 ;
; Disable OpenCore Plus hardware evaluation                                  ; Off                ; Off                ;
; Verilog Version                                                            ; Verilog_2001       ; Verilog_2001       ;
; VHDL Version                                                               ; VHDL_1993          ; VHDL_1993          ;
; State Machine Processing                                                   ; Auto               ; Auto               ;
; Safe State Machine                                                         ; Off                ; Off                ;
; Extract Verilog State Machines                                             ; On                 ; On                 ;
; Extract VHDL State Machines                                                ; On                 ; On                 ;
; Ignore Verilog initial constructs                                          ; Off                ; Off                ;
; Iteration limit for constant Verilog loops                                 ; 5000               ; 5000               ;
; Iteration limit for non-constant Verilog loops                             ; 250                ; 250                ;
; Add Pass-Through Logic to Inferred RAMs                                    ; On                 ; On                 ;
; Infer RAMs from Raw Logic                                                  ; On                 ; On                 ;
; Parallel Synthesis                                                         ; On                 ; On                 ;
; DSP Block Balancing                                                        ; Auto               ; Auto               ;
; NOT Gate Push-Back                                                         ; On                 ; On                 ;
; Power-Up Don't Care                                                        ; On                 ; On                 ;
; Remove Redundant Logic Cells                                               ; Off                ; Off                ;
; Remove Duplicate Registers                                                 ; On                 ; On                 ;
; Ignore CARRY Buffers                                                       ; Off                ; Off                ;
; Ignore CASCADE Buffers                                                     ; Off                ; Off                ;
; Ignore GLOBAL Buffers                                                      ; Off                ; Off                ;
; Ignore ROW GLOBAL Buffers                                                  ; Off                ; Off                ;
; Ignore LCELL Buffers                                                       ; Off                ; Off                ;
; Ignore SOFT Buffers                                                        ; On                 ; On                 ;
; Limit AHDL Integers to 32 Bits                                             ; Off                ; Off                ;
; Optimization Technique                                                     ; Balanced           ; Balanced           ;
; Carry Chain Length                                                         ; 70                 ; 70                 ;
; Auto Carry Chains                                                          ; On                 ; On                 ;
; Auto Open-Drain Pins                                                       ; On                 ; On                 ;
; Perform WYSIWYG Primitive Resynthesis                                      ; Off                ; Off                ;
; Auto ROM Replacement                                                       ; On                 ; On                 ;
; Auto RAM Replacement                                                       ; On                 ; On                 ;
; Auto DSP Block Replacement                                                 ; On                 ; On                 ;
; Auto Shift Register Replacement                                            ; Auto               ; Auto               ;
; Allow Shift Register Merging across Hierarchies                            ; Auto               ; Auto               ;
; Auto Clock Enable Replacement                                              ; On                 ; On                 ;
; Strict RAM Replacement                                                     ; Off                ; Off                ;
; Allow Synchronous Control Signals                                          ; On                 ; On                 ;
; Force Use of Synchronous Clear Signals                                     ; Off                ; Off                ;
; Auto RAM Block Balancing                                                   ; On                 ; On                 ;
; Auto RAM to Logic Cell Conversion                                          ; Off                ; Off                ;
; Auto Resource Sharing                                                      ; Off                ; Off                ;
; Allow Any RAM Size For Recognition                                         ; Off                ; Off                ;
; Allow Any ROM Size For Recognition                                         ; Off                ; Off                ;
; Allow Any Shift Register Size For Recognition                              ; Off                ; Off                ;
; Use LogicLock Constraints during Resource Balancing                        ; On                 ; On                 ;
; Ignore translate_off and synthesis_off directives                          ; Off                ; Off                ;
; Timing-Driven Synthesis                                                    ; On                 ; On                 ;
; Report Parameter Settings                                                  ; On                 ; On                 ;
; Report Source Assignments                                                  ; On                 ; On                 ;
; Report Connectivity Checks                                                 ; On                 ; On                 ;
; Ignore Maximum Fan-Out Assignments                                         ; Off                ; Off                ;
; Synchronization Register Chain Length                                      ; 2                  ; 2                  ;
; PowerPlay Power Optimization                                               ; Normal compilation ; Normal compilation ;
; HDL message level                                                          ; Level2             ; Level2             ;
; Suppress Register Optimization Related Messages                            ; Off                ; Off                ;
; Number of Removed Registers Reported in Synthesis Report                   ; 5000               ; 5000               ;
; Number of Swept Nodes Reported in Synthesis Report                         ; 5000               ; 5000               ;
; Number of Inverted Registers Reported in Synthesis Report                  ; 100                ; 100                ;
; Clock MUX Protection                                                       ; On                 ; On                 ;
; Auto Gated Clock Conversion                                                ; Off                ; Off                ;
; Block Design Naming                                                        ; Auto               ; Auto               ;
; SDC constraint protection                                                  ; Off                ; Off                ;
; Synthesis Effort                                                           ; Auto               ; Auto               ;
; Shift Register Replacement - Allow Asynchronous Clear Signal               ; On                 ; On                 ;
; Pre-Mapping Resynthesis Optimization                                       ; Off                ; Off                ;
; Analysis & Synthesis Message Level                                         ; Medium             ; Medium             ;
; Disable Register Merging Across Hierarchies                                ; Auto               ; Auto               ;
; Resource Aware Inference For Block RAM                                     ; On                 ; On                 ;
; Synthesis Seed                                                             ; 1                  ; 1                  ;
+----------------------------------------------------------------------------+--------------------+--------------------+


Parallel compilation was disabled, but you have multiple processors available. Enable parallel compilation to reduce compilation time.
+-------------------------------------+
; Parallel Compilation                ;
+----------------------------+--------+
; Processors                 ; Number ;
+----------------------------+--------+
; Number detected on machine ; 8      ;
; Maximum allowed            ; 1      ;
+----------------------------+--------+


+-------------------------------------------------------------------------------------------------------------------------------------------------------------------+
; Analysis & Synthesis Source Files Read                                                                                                                            ;
+----------------------------------+-----------------+------------------------------------+---------------------------------------------------------------+---------+
; File Name with User-Entered Path ; Used in Netlist ; File Type                          ; File Name with Absolute Path                                  ; Library ;
+----------------------------------+-----------------+------------------------------------+---------------------------------------------------------------+---------+
; mux4to1_8bit.bdf                 ; yes             ; User Block Diagram/Schematic File  ; D:/HWs/p3/mux4to1_8bit.bdf                                    ;         ;
; ripple_counter_4bit.bdf          ; yes             ; User Block Diagram/Schematic File  ; D:/HWs/p3/ripple_counter_4bit.bdf                             ;         ;
; XOR_8bit.bdf                     ; yes             ; User Block Diagram/Schematic File  ; D:/HWs/p3/XOR_8bit.bdf                                        ;         ;
; Sub_8bit.bdf                     ; yes             ; User Block Diagram/Schematic File  ; D:/HWs/p3/Sub_8bit.bdf                                        ;         ;
; shift_register_4bit.bdf          ; yes             ; User Block Diagram/Schematic File  ; D:/HWs/p3/shift_register_4bit.bdf                             ;         ;
; OR_8bit.bdf                      ; yes             ; User Block Diagram/Schematic File  ; D:/HWs/p3/OR_8bit.bdf                                         ;         ;
; NOT_8bit.bdf                     ; yes             ; User Block Diagram/Schematic File  ; D:/HWs/p3/NOT_8bit.bdf                                        ;         ;
; NEQ_8bit.bdf                     ; yes             ; User Block Diagram/Schematic File  ; D:/HWs/p3/NEQ_8bit.bdf                                        ;         ;
; Full_Adder_4bit.bdf              ; yes             ; User Block Diagram/Schematic File  ; D:/HWs/p3/Full_Adder_4bit.bdf                                 ;         ;
; Full_Adder_1bit.bdf              ; yes             ; User Block Diagram/Schematic File  ; D:/HWs/p3/Full_Adder_1bit.bdf                                 ;         ;
; EQ_8bit.bdf                      ; yes             ; User Block Diagram/Schematic File  ; D:/HWs/p3/EQ_8bit.bdf                                         ;         ;
; CSA_8bit.bdf                     ; yes             ; User Block Diagram/Schematic File  ; D:/HWs/p3/CSA_8bit.bdf                                        ;         ;
; booth_multiplier_8bit.bdf        ; yes             ; User Block Diagram/Schematic File  ; D:/HWs/p3/booth_multiplier_8bit.bdf                           ;         ;
; AND_8bit.bdf                     ; yes             ; User Block Diagram/Schematic File  ; D:/HWs/p3/AND_8bit.bdf                                        ;         ;
; Add_8bit.bdf                     ; yes             ; User Block Diagram/Schematic File  ; D:/HWs/p3/Add_8bit.bdf                                        ;         ;
; register_8bit.bdf                ; yes             ; User Block Diagram/Schematic File  ; D:/HWs/p3/register_8bit.bdf                                   ;         ;
; right_shift_8bit.bdf             ; yes             ; User Block Diagram/Schematic File  ; D:/HWs/p3/right_shift_8bit.bdf                                ;         ;
; myALU.bdf                        ; yes             ; User Block Diagram/Schematic File  ; D:/HWs/p3/myALU.bdf                                           ;         ;
; 21mux.bdf                        ; yes             ; Megafunction                       ; c:/altera/13.1/quartus/libraries/others/maxplus2/21mux.bdf    ;         ;
; 7404.bdf                         ; yes             ; Megafunction                       ; c:/altera/13.1/quartus/libraries/others/maxplus2/7404.bdf     ;         ;
; busmux.tdf                       ; yes             ; Megafunction                       ; c:/altera/13.1/quartus/libraries/megafunctions/busmux.tdf     ;         ;
; lpm_mux.inc                      ; yes             ; Megafunction                       ; c:/altera/13.1/quartus/libraries/megafunctions/lpm_mux.inc    ;         ;
; lpm_mux.tdf                      ; yes             ; Megafunction                       ; c:/altera/13.1/quartus/libraries/megafunctions/lpm_mux.tdf    ;         ;
; aglobal131.inc                   ; yes             ; Megafunction                       ; c:/altera/13.1/quartus/libraries/megafunctions/aglobal131.inc ;         ;
; muxlut.inc                       ; yes             ; Megafunction                       ; c:/altera/13.1/quartus/libraries/megafunctions/muxlut.inc     ;         ;
; bypassff.inc                     ; yes             ; Megafunction                       ; c:/altera/13.1/quartus/libraries/megafunctions/bypassff.inc   ;         ;
; altshift.inc                     ; yes             ; Megafunction                       ; c:/altera/13.1/quartus/libraries/megafunctions/altshift.inc   ;         ;
; db/mux_8vc.tdf                   ; yes             ; Auto-Generated Megafunction        ; D:/HWs/p3/db/mux_8vc.tdf                                      ;         ;
; mux.tdf                          ; yes             ; Megafunction                       ; c:/altera/13.1/quartus/libraries/megafunctions/mux.tdf        ;         ;
; db/mux_1vc.tdf                   ; yes             ; Auto-Generated Megafunction        ; D:/HWs/p3/db/mux_1vc.tdf                                      ;         ;
; db/mux_4vc.tdf                   ; yes             ; Auto-Generated Megafunction        ; D:/HWs/p3/db/mux_4vc.tdf                                      ;         ;
+----------------------------------+-----------------+------------------------------------+---------------------------------------------------------------+---------+


+---------------------------------------------------------------+
; Analysis & Synthesis Resource Usage Summary                   ;
+--------------------------+------------------------------------+
; Resource                 ; Usage                              ;
+--------------------------+------------------------------------+
; I/O pins                 ; 31                                 ;
; DSP block 9-bit elements ; 0                                  ;
; Maximum fan-out node     ; booth_multiplier_8bit:inst8|inst14 ;
; Maximum fan-out          ; 23                                 ;
; Total fan-out            ; 586                                ;
; Average fan-out          ; 2.73                               ;
+--------------------------+------------------------------------+


+-----------------------------------------------------------------------------------------------------------------------------------------------------------------------------------------------------------------------------------------------------------------------------------------------------------+
; Analysis & Synthesis Resource Utilization by Entity                                                                                                                                                                                                                                                       ;
+--------------------------------------------+-------------------+--------------+-------------+--------------+---------+-----------+-----------+------+--------------+-----------------------------------------------------------------------------------------------------------------------+--------------+
; Compilation Hierarchy Node                 ; LC Combinationals ; LC Registers ; Memory Bits ; DSP Elements ; DSP 9x9 ; DSP 18x18 ; DSP 36x36 ; Pins ; Virtual Pins ; Full Hierarchy Name                                                                                                   ; Library Name ;
+--------------------------------------------+-------------------+--------------+-------------+--------------+---------+-----------+-----------+------+--------------+-----------------------------------------------------------------------------------------------------------------------+--------------+
; |myALU                                     ; 131 (0)           ; 22 (0)       ; 0           ; 0            ; 0       ; 0         ; 0         ; 31   ; 0            ; |myALU                                                                                                                ; work         ;
;    |21mux:inst10|                          ; 10 (10)           ; 0 (0)        ; 0           ; 0            ; 0       ; 0         ; 0         ; 0    ; 0            ; |myALU|21mux:inst10                                                                                                   ; work         ;
;    |Add_8bit:inst1|                        ; 12 (0)            ; 0 (0)        ; 0           ; 0            ; 0       ; 0         ; 0         ; 0    ; 0            ; |myALU|Add_8bit:inst1                                                                                                 ; work         ;
;       |CSA_8bit:inst|                      ; 12 (0)            ; 0 (0)        ; 0           ; 0            ; 0       ; 0         ; 0         ; 0    ; 0            ; |myALU|Add_8bit:inst1|CSA_8bit:inst                                                                                   ; work         ;
;          |Full_Adder_4bit:inst1|           ; 1 (0)             ; 0 (0)        ; 0           ; 0            ; 0       ; 0         ; 0         ; 0    ; 0            ; |myALU|Add_8bit:inst1|CSA_8bit:inst|Full_Adder_4bit:inst1                                                             ; work         ;
;             |Full_Adder_1bit:inst3|        ; 1 (1)             ; 0 (0)        ; 0           ; 0            ; 0       ; 0         ; 0         ; 0    ; 0            ; |myALU|Add_8bit:inst1|CSA_8bit:inst|Full_Adder_4bit:inst1|Full_Adder_1bit:inst3                                       ; work         ;
;          |Full_Adder_4bit:inst2|           ; 2 (0)             ; 0 (0)        ; 0           ; 0            ; 0       ; 0         ; 0         ; 0    ; 0            ; |myALU|Add_8bit:inst1|CSA_8bit:inst|Full_Adder_4bit:inst2                                                             ; work         ;
;             |Full_Adder_1bit:inst3|        ; 1 (1)             ; 0 (0)        ; 0           ; 0            ; 0       ; 0         ; 0         ; 0    ; 0            ; |myALU|Add_8bit:inst1|CSA_8bit:inst|Full_Adder_4bit:inst2|Full_Adder_1bit:inst3                                       ; work         ;
;             |Full_Adder_1bit:inst4|        ; 1 (1)             ; 0 (0)        ; 0           ; 0            ; 0       ; 0         ; 0         ; 0    ; 0            ; |myALU|Add_8bit:inst1|CSA_8bit:inst|Full_Adder_4bit:inst2|Full_Adder_1bit:inst4                                       ; work         ;
;          |Full_Adder_4bit:inst|            ; 6 (0)             ; 0 (0)        ; 0           ; 0            ; 0       ; 0         ; 0         ; 0    ; 0            ; |myALU|Add_8bit:inst1|CSA_8bit:inst|Full_Adder_4bit:inst                                                              ; work         ;
;             |Full_Adder_1bit:inst3|        ; 2 (2)             ; 0 (0)        ; 0           ; 0            ; 0       ; 0         ; 0         ; 0    ; 0            ; |myALU|Add_8bit:inst1|CSA_8bit:inst|Full_Adder_4bit:inst|Full_Adder_1bit:inst3                                        ; work         ;
;             |Full_Adder_1bit:inst4|        ; 1 (1)             ; 0 (0)        ; 0           ; 0            ; 0       ; 0         ; 0         ; 0    ; 0            ; |myALU|Add_8bit:inst1|CSA_8bit:inst|Full_Adder_4bit:inst|Full_Adder_1bit:inst4                                        ; work         ;
;             |Full_Adder_1bit:inst5|        ; 3 (3)             ; 0 (0)        ; 0           ; 0            ; 0       ; 0         ; 0         ; 0    ; 0            ; |myALU|Add_8bit:inst1|CSA_8bit:inst|Full_Adder_4bit:inst|Full_Adder_1bit:inst5                                        ; work         ;
;          |busmux:instance|                 ; 3 (0)             ; 0 (0)        ; 0           ; 0            ; 0       ; 0         ; 0         ; 0    ; 0            ; |myALU|Add_8bit:inst1|CSA_8bit:inst|busmux:instance                                                                   ; work         ;
;             |lpm_mux:$00000|               ; 3 (0)             ; 0 (0)        ; 0           ; 0            ; 0       ; 0         ; 0         ; 0    ; 0            ; |myALU|Add_8bit:inst1|CSA_8bit:inst|busmux:instance|lpm_mux:$00000                                                    ; work         ;
;                |mux_4vc:auto_generated|    ; 3 (3)             ; 0 (0)        ; 0           ; 0            ; 0       ; 0         ; 0         ; 0    ; 0            ; |myALU|Add_8bit:inst1|CSA_8bit:inst|busmux:instance|lpm_mux:$00000|mux_4vc:auto_generated                             ; work         ;
;    |Sub_8bit:inst5|                        ; 13 (0)            ; 0 (0)        ; 0           ; 0            ; 0       ; 0         ; 0         ; 0    ; 0            ; |myALU|Sub_8bit:inst5                                                                                                 ; work         ;
;       |CSA_8bit:inst|                      ; 13 (0)            ; 0 (0)        ; 0           ; 0            ; 0       ; 0         ; 0         ; 0    ; 0            ; |myALU|Sub_8bit:inst5|CSA_8bit:inst                                                                                   ; work         ;
;          |Full_Adder_4bit:inst|            ; 6 (0)             ; 0 (0)        ; 0           ; 0            ; 0       ; 0         ; 0         ; 0    ; 0            ; |myALU|Sub_8bit:inst5|CSA_8bit:inst|Full_Adder_4bit:inst                                                              ; work         ;
;             |Full_Adder_1bit:inst3|        ; 1 (1)             ; 0 (0)        ; 0           ; 0            ; 0       ; 0         ; 0         ; 0    ; 0            ; |myALU|Sub_8bit:inst5|CSA_8bit:inst|Full_Adder_4bit:inst|Full_Adder_1bit:inst3                                        ; work         ;
;             |Full_Adder_1bit:inst4|        ; 1 (1)             ; 0 (0)        ; 0           ; 0            ; 0       ; 0         ; 0         ; 0    ; 0            ; |myALU|Sub_8bit:inst5|CSA_8bit:inst|Full_Adder_4bit:inst|Full_Adder_1bit:inst4                                        ; work         ;
;             |Full_Adder_1bit:inst5|        ; 3 (3)             ; 0 (0)        ; 0           ; 0            ; 0       ; 0         ; 0         ; 0    ; 0            ; |myALU|Sub_8bit:inst5|CSA_8bit:inst|Full_Adder_4bit:inst|Full_Adder_1bit:inst5                                        ; work         ;
;             |Full_Adder_1bit:inst|         ; 1 (1)             ; 0 (0)        ; 0           ; 0            ; 0       ; 0         ; 0         ; 0    ; 0            ; |myALU|Sub_8bit:inst5|CSA_8bit:inst|Full_Adder_4bit:inst|Full_Adder_1bit:inst                                         ; work         ;
;          |busmux:instance|                 ; 7 (0)             ; 0 (0)        ; 0           ; 0            ; 0       ; 0         ; 0         ; 0    ; 0            ; |myALU|Sub_8bit:inst5|CSA_8bit:inst|busmux:instance                                                                   ; work         ;
;             |lpm_mux:$00000|               ; 7 (0)             ; 0 (0)        ; 0           ; 0            ; 0       ; 0         ; 0         ; 0    ; 0            ; |myALU|Sub_8bit:inst5|CSA_8bit:inst|busmux:instance|lpm_mux:$00000                                                    ; work         ;
;                |mux_4vc:auto_generated|    ; 7 (7)             ; 0 (0)        ; 0           ; 0            ; 0       ; 0         ; 0         ; 0    ; 0            ; |myALU|Sub_8bit:inst5|CSA_8bit:inst|busmux:instance|lpm_mux:$00000|mux_4vc:auto_generated                             ; work         ;
;    |booth_multiplier_8bit:inst8|           ; 57 (4)            ; 22 (2)       ; 0           ; 0            ; 0       ; 0         ; 0         ; 0    ; 0            ; |myALU|booth_multiplier_8bit:inst8                                                                                    ; work         ;
;       |Add_8bit:inst4|                     ; 11 (0)            ; 0 (0)        ; 0           ; 0            ; 0       ; 0         ; 0         ; 0    ; 0            ; |myALU|booth_multiplier_8bit:inst8|Add_8bit:inst4                                                                     ; work         ;
;          |CSA_8bit:inst|                   ; 11 (0)            ; 0 (0)        ; 0           ; 0            ; 0       ; 0         ; 0         ; 0    ; 0            ; |myALU|booth_multiplier_8bit:inst8|Add_8bit:inst4|CSA_8bit:inst                                                       ; work         ;
;             |Full_Adder_4bit:inst1|        ; 1 (0)             ; 0 (0)        ; 0           ; 0            ; 0       ; 0         ; 0         ; 0    ; 0            ; |myALU|booth_multiplier_8bit:inst8|Add_8bit:inst4|CSA_8bit:inst|Full_Adder_4bit:inst1                                 ; work         ;
;                |Full_Adder_1bit:inst3|     ; 1 (1)             ; 0 (0)        ; 0           ; 0            ; 0       ; 0         ; 0         ; 0    ; 0            ; |myALU|booth_multiplier_8bit:inst8|Add_8bit:inst4|CSA_8bit:inst|Full_Adder_4bit:inst1|Full_Adder_1bit:inst3           ; work         ;
;             |Full_Adder_4bit:inst2|        ; 1 (0)             ; 0 (0)        ; 0           ; 0            ; 0       ; 0         ; 0         ; 0    ; 0            ; |myALU|booth_multiplier_8bit:inst8|Add_8bit:inst4|CSA_8bit:inst|Full_Adder_4bit:inst2                                 ; work         ;
;                |Full_Adder_1bit:inst3|     ; 1 (1)             ; 0 (0)        ; 0           ; 0            ; 0       ; 0         ; 0         ; 0    ; 0            ; |myALU|booth_multiplier_8bit:inst8|Add_8bit:inst4|CSA_8bit:inst|Full_Adder_4bit:inst2|Full_Adder_1bit:inst3           ; work         ;
;             |Full_Adder_4bit:inst|         ; 6 (0)             ; 0 (0)        ; 0           ; 0            ; 0       ; 0         ; 0         ; 0    ; 0            ; |myALU|booth_multiplier_8bit:inst8|Add_8bit:inst4|CSA_8bit:inst|Full_Adder_4bit:inst                                  ; work         ;
;                |Full_Adder_1bit:inst3|     ; 2 (2)             ; 0 (0)        ; 0           ; 0            ; 0       ; 0         ; 0         ; 0    ; 0            ; |myALU|booth_multiplier_8bit:inst8|Add_8bit:inst4|CSA_8bit:inst|Full_Adder_4bit:inst|Full_Adder_1bit:inst3            ; work         ;
;                |Full_Adder_1bit:inst4|     ; 1 (1)             ; 0 (0)        ; 0           ; 0            ; 0       ; 0         ; 0         ; 0    ; 0            ; |myALU|booth_multiplier_8bit:inst8|Add_8bit:inst4|CSA_8bit:inst|Full_Adder_4bit:inst|Full_Adder_1bit:inst4            ; work         ;
;                |Full_Adder_1bit:inst5|     ; 3 (3)             ; 0 (0)        ; 0           ; 0            ; 0       ; 0         ; 0         ; 0    ; 0            ; |myALU|booth_multiplier_8bit:inst8|Add_8bit:inst4|CSA_8bit:inst|Full_Adder_4bit:inst|Full_Adder_1bit:inst5            ; work         ;
;             |busmux:instance|              ; 3 (0)             ; 0 (0)        ; 0           ; 0            ; 0       ; 0         ; 0         ; 0    ; 0            ; |myALU|booth_multiplier_8bit:inst8|Add_8bit:inst4|CSA_8bit:inst|busmux:instance                                       ; work         ;
;                |lpm_mux:$00000|            ; 3 (0)             ; 0 (0)        ; 0           ; 0            ; 0       ; 0         ; 0         ; 0    ; 0            ; |myALU|booth_multiplier_8bit:inst8|Add_8bit:inst4|CSA_8bit:inst|busmux:instance|lpm_mux:$00000                        ; work         ;
;                   |mux_4vc:auto_generated| ; 3 (3)             ; 0 (0)        ; 0           ; 0            ; 0       ; 0         ; 0         ; 0    ; 0            ; |myALU|booth_multiplier_8bit:inst8|Add_8bit:inst4|CSA_8bit:inst|busmux:instance|lpm_mux:$00000|mux_4vc:auto_generated ; work         ;
;       |Sub_8bit:inst8|                     ; 12 (0)            ; 0 (0)        ; 0           ; 0            ; 0       ; 0         ; 0         ; 0    ; 0            ; |myALU|booth_multiplier_8bit:inst8|Sub_8bit:inst8                                                                     ; work         ;
;          |CSA_8bit:inst|                   ; 12 (0)            ; 0 (0)        ; 0           ; 0            ; 0       ; 0         ; 0         ; 0    ; 0            ; |myALU|booth_multiplier_8bit:inst8|Sub_8bit:inst8|CSA_8bit:inst                                                       ; work         ;
;             |Full_Adder_4bit:inst|         ; 7 (0)             ; 0 (0)        ; 0           ; 0            ; 0       ; 0         ; 0         ; 0    ; 0            ; |myALU|booth_multiplier_8bit:inst8|Sub_8bit:inst8|CSA_8bit:inst|Full_Adder_4bit:inst                                  ; work         ;
;                |Full_Adder_1bit:inst3|     ; 2 (2)             ; 0 (0)        ; 0           ; 0            ; 0       ; 0         ; 0         ; 0    ; 0            ; |myALU|booth_multiplier_8bit:inst8|Sub_8bit:inst8|CSA_8bit:inst|Full_Adder_4bit:inst|Full_Adder_1bit:inst3            ; work         ;
;                |Full_Adder_1bit:inst4|     ; 1 (1)             ; 0 (0)        ; 0           ; 0            ; 0       ; 0         ; 0         ; 0    ; 0            ; |myALU|booth_multiplier_8bit:inst8|Sub_8bit:inst8|CSA_8bit:inst|Full_Adder_4bit:inst|Full_Adder_1bit:inst4            ; work         ;
;                |Full_Adder_1bit:inst5|     ; 4 (4)             ; 0 (0)        ; 0           ; 0            ; 0       ; 0         ; 0         ; 0    ; 0            ; |myALU|booth_multiplier_8bit:inst8|Sub_8bit:inst8|CSA_8bit:inst|Full_Adder_4bit:inst|Full_Adder_1bit:inst5            ; work         ;
;             |busmux:instance|              ; 5 (0)             ; 0 (0)        ; 0           ; 0            ; 0       ; 0         ; 0         ; 0    ; 0            ; |myALU|booth_multiplier_8bit:inst8|Sub_8bit:inst8|CSA_8bit:inst|busmux:instance                                       ; work         ;
;                |lpm_mux:$00000|            ; 5 (0)             ; 0 (0)        ; 0           ; 0            ; 0       ; 0         ; 0         ; 0    ; 0            ; |myALU|booth_multiplier_8bit:inst8|Sub_8bit:inst8|CSA_8bit:inst|busmux:instance|lpm_mux:$00000                        ; work         ;
;                   |mux_4vc:auto_generated| ; 5 (5)             ; 0 (0)        ; 0           ; 0            ; 0       ; 0         ; 0         ; 0    ; 0            ; |myALU|booth_multiplier_8bit:inst8|Sub_8bit:inst8|CSA_8bit:inst|busmux:instance|lpm_mux:$00000|mux_4vc:auto_generated ; work         ;
;       |mux4to1_8bit:inst2|                 ; 7 (0)             ; 0 (0)        ; 0           ; 0            ; 0       ; 0         ; 0         ; 0    ; 0            ; |myALU|booth_multiplier_8bit:inst8|mux4to1_8bit:inst2                                                                 ; work         ;
;          |busmux:inst2|                    ; 7 (0)             ; 0 (0)        ; 0           ; 0            ; 0       ; 0         ; 0         ; 0    ; 0            ; |myALU|booth_multiplier_8bit:inst8|mux4to1_8bit:inst2|busmux:inst2                                                    ; work         ;
;             |lpm_mux:$00000|               ; 7 (0)             ; 0 (0)        ; 0           ; 0            ; 0       ; 0         ; 0         ; 0    ; 0            ; |myALU|booth_multiplier_8bit:inst8|mux4to1_8bit:inst2|busmux:inst2|lpm_mux:$00000                                     ; work         ;
;                |mux_8vc:auto_generated|    ; 7 (7)             ; 0 (0)        ; 0           ; 0            ; 0       ; 0         ; 0         ; 0    ; 0            ; |myALU|booth_multiplier_8bit:inst8|mux4to1_8bit:inst2|busmux:inst2|lpm_mux:$00000|mux_8vc:auto_generated              ; work         ;
;       |register_8bit:inst13|               ; 7 (0)             ; 7 (0)        ; 0           ; 0            ; 0       ; 0         ; 0         ; 0    ; 0            ; |myALU|booth_multiplier_8bit:inst8|register_8bit:inst13                                                               ; work         ;
;          |shift_register_4bit:inst1|       ; 4 (4)             ; 4 (4)        ; 0           ; 0            ; 0       ; 0         ; 0         ; 0    ; 0            ; |myALU|booth_multiplier_8bit:inst8|register_8bit:inst13|shift_register_4bit:inst1                                     ; work         ;
;          |shift_register_4bit:inst|        ; 3 (3)             ; 3 (3)        ; 0           ; 0            ; 0       ; 0         ; 0         ; 0    ; 0            ; |myALU|booth_multiplier_8bit:inst8|register_8bit:inst13|shift_register_4bit:inst                                      ; work         ;
;       |register_8bit:inst18|               ; 10 (0)            ; 8 (0)        ; 0           ; 0            ; 0       ; 0         ; 0         ; 0    ; 0            ; |myALU|booth_multiplier_8bit:inst8|register_8bit:inst18                                                               ; work         ;
;          |shift_register_4bit:inst1|       ; 4 (0)             ; 4 (4)        ; 0           ; 0            ; 0       ; 0         ; 0         ; 0    ; 0            ; |myALU|booth_multiplier_8bit:inst8|register_8bit:inst18|shift_register_4bit:inst1                                     ; work         ;
;             |21mux:inst5|                  ; 1 (1)             ; 0 (0)        ; 0           ; 0            ; 0       ; 0         ; 0         ; 0    ; 0            ; |myALU|booth_multiplier_8bit:inst8|register_8bit:inst18|shift_register_4bit:inst1|21mux:inst5                         ; work         ;
;             |21mux:inst6|                  ; 1 (1)             ; 0 (0)        ; 0           ; 0            ; 0       ; 0         ; 0         ; 0    ; 0            ; |myALU|booth_multiplier_8bit:inst8|register_8bit:inst18|shift_register_4bit:inst1|21mux:inst6                         ; work         ;
;             |21mux:inst7|                  ; 1 (1)             ; 0 (0)        ; 0           ; 0            ; 0       ; 0         ; 0         ; 0    ; 0            ; |myALU|booth_multiplier_8bit:inst8|register_8bit:inst18|shift_register_4bit:inst1|21mux:inst7                         ; work         ;
;             |21mux:inst8|                  ; 1 (1)             ; 0 (0)        ; 0           ; 0            ; 0       ; 0         ; 0         ; 0    ; 0            ; |myALU|booth_multiplier_8bit:inst8|register_8bit:inst18|shift_register_4bit:inst1|21mux:inst8                         ; work         ;
;          |shift_register_4bit:inst|        ; 6 (0)             ; 4 (4)        ; 0           ; 0            ; 0       ; 0         ; 0         ; 0    ; 0            ; |myALU|booth_multiplier_8bit:inst8|register_8bit:inst18|shift_register_4bit:inst                                      ; work         ;
;             |21mux:inst5|                  ; 3 (3)             ; 0 (0)        ; 0           ; 0            ; 0       ; 0         ; 0         ; 0    ; 0            ; |myALU|booth_multiplier_8bit:inst8|register_8bit:inst18|shift_register_4bit:inst|21mux:inst5                          ; work         ;
;             |21mux:inst6|                  ; 1 (1)             ; 0 (0)        ; 0           ; 0            ; 0       ; 0         ; 0         ; 0    ; 0            ; |myALU|booth_multiplier_8bit:inst8|register_8bit:inst18|shift_register_4bit:inst|21mux:inst6                          ; work         ;
;             |21mux:inst7|                  ; 1 (1)             ; 0 (0)        ; 0           ; 0            ; 0       ; 0         ; 0         ; 0    ; 0            ; |myALU|booth_multiplier_8bit:inst8|register_8bit:inst18|shift_register_4bit:inst|21mux:inst7                          ; work         ;
;             |21mux:inst8|                  ; 1 (1)             ; 0 (0)        ; 0           ; 0            ; 0       ; 0         ; 0         ; 0    ; 0            ; |myALU|booth_multiplier_8bit:inst8|register_8bit:inst18|shift_register_4bit:inst|21mux:inst8                          ; work         ;
;       |ripple_counter_4bit:inst5|          ; 6 (6)             ; 5 (5)        ; 0           ; 0            ; 0       ; 0         ; 0         ; 0    ; 0            ; |myALU|booth_multiplier_8bit:inst8|ripple_counter_4bit:inst5                                                          ; work         ;
;    |busmux:inst11|                         ; 32 (0)            ; 0 (0)        ; 0           ; 0            ; 0       ; 0         ; 0         ; 0    ; 0            ; |myALU|busmux:inst11                                                                                                  ; work         ;
;       |lpm_mux:$00000|                     ; 32 (0)            ; 0 (0)        ; 0           ; 0            ; 0       ; 0         ; 0         ; 0    ; 0            ; |myALU|busmux:inst11|lpm_mux:$00000                                                                                   ; work         ;
;          |mux_8vc:auto_generated|          ; 32 (32)           ; 0 (0)        ; 0           ; 0            ; 0       ; 0         ; 0         ; 0    ; 0            ; |myALU|busmux:inst11|lpm_mux:$00000|mux_8vc:auto_generated                                                            ; work         ;
;    |mux4to1_8bit:inst13|                   ; 7 (0)             ; 0 (0)        ; 0           ; 0            ; 0       ; 0         ; 0         ; 0    ; 0            ; |myALU|mux4to1_8bit:inst13                                                                                            ; work         ;
;       |busmux:inst1|                       ; 1 (0)             ; 0 (0)        ; 0           ; 0            ; 0       ; 0         ; 0         ; 0    ; 0            ; |myALU|mux4to1_8bit:inst13|busmux:inst1                                                                               ; work         ;
;          |lpm_mux:$00000|                  ; 1 (0)             ; 0 (0)        ; 0           ; 0            ; 0       ; 0         ; 0         ; 0    ; 0            ; |myALU|mux4to1_8bit:inst13|busmux:inst1|lpm_mux:$00000                                                                ; work         ;
;             |mux_8vc:auto_generated|       ; 1 (1)             ; 0 (0)        ; 0           ; 0            ; 0       ; 0         ; 0         ; 0    ; 0            ; |myALU|mux4to1_8bit:inst13|busmux:inst1|lpm_mux:$00000|mux_8vc:auto_generated                                         ; work         ;
;       |busmux:inst|                        ; 6 (0)             ; 0 (0)        ; 0           ; 0            ; 0       ; 0         ; 0         ; 0    ; 0            ; |myALU|mux4to1_8bit:inst13|busmux:inst                                                                                ; work         ;
;          |lpm_mux:$00000|                  ; 6 (0)             ; 0 (0)        ; 0           ; 0            ; 0       ; 0         ; 0         ; 0    ; 0            ; |myALU|mux4to1_8bit:inst13|busmux:inst|lpm_mux:$00000                                                                 ; work         ;
;             |mux_8vc:auto_generated|       ; 6 (6)             ; 0 (0)        ; 0           ; 0            ; 0       ; 0         ; 0         ; 0    ; 0            ; |myALU|mux4to1_8bit:inst13|busmux:inst|lpm_mux:$00000|mux_8vc:auto_generated                                          ; work         ;
+--------------------------------------------+-------------------+--------------+-------------+--------------+---------+-----------+-----------+------+--------------+-----------------------------------------------------------------------------------------------------------------------+--------------+
Note: For table entries with two numbers listed, the numbers in parentheses indicate the number of resources of the given type used by the specific entity alone. The numbers listed outside of parentheses indicate the total resources of the given type used by the specific entity and all of its sub-entities in the hierarchy.


+------------------------------------------------------------------------------------------------------------------------------------------------------------------------------+
; Registers Removed During Synthesis                                                                                                                                           ;
+---------------------------------------------------------------------------------+--------------------------------------------------------------------------------------------+
; Register name                                                                   ; Reason for Removal                                                                         ;
+---------------------------------------------------------------------------------+--------------------------------------------------------------------------------------------+
; booth_multiplier_8bit:inst8|register_8bit:inst13|shift_register_4bit:inst|inst1 ; Merged with booth_multiplier_8bit:inst8|register_8bit:inst13|shift_register_4bit:inst|inst ;
; Total Number of Removed Registers = 1                                           ;                                                                                            ;
+---------------------------------------------------------------------------------+--------------------------------------------------------------------------------------------+


+------------------------------------------------------+
; General Register Statistics                          ;
+----------------------------------------------+-------+
; Statistic                                    ; Value ;
+----------------------------------------------+-------+
; Total registers                              ; 22    ;
; Number of registers using Synchronous Clear  ; 0     ;
; Number of registers using Synchronous Load   ; 5     ;
; Number of registers using Asynchronous Clear ; 22    ;
; Number of registers using Asynchronous Load  ; 0     ;
; Number of registers using Clock Enable       ; 21    ;
; Number of registers using Preset             ; 0     ;
+----------------------------------------------+-------+


+-------------------------------------------------------------------------------------------------------------------------------------------------------------------------------------------------------+
; Multiplexer Restructuring Statistics (Restructuring Performed)                                                                                                                                        ;
+--------------------+-----------+---------------+----------------------+------------------------+------------+-----------------------------------------------------------------------------------------+
; Multiplexer Inputs ; Bus Width ; Baseline Area ; Area if Restructured ; Saving if Restructured ; Registered ; Example Multiplexer Output                                                              ;
+--------------------+-----------+---------------+----------------------+------------------------+------------+-----------------------------------------------------------------------------------------+
; 4:1                ; 4 bits    ; 8 LEs         ; 8 LEs                ; 0 LEs                  ; Yes        ; |myALU|booth_multiplier_8bit:inst8|register_8bit:inst13|shift_register_4bit:inst1|inst3 ;
; 5:1                ; 2 bits    ; 6 LEs         ; 4 LEs                ; 2 LEs                  ; Yes        ; |myALU|booth_multiplier_8bit:inst8|register_8bit:inst13|shift_register_4bit:inst|inst3  ;
; 5:1                ; 4 bits    ; 12 LEs        ; 12 LEs               ; 0 LEs                  ; No         ; |myALU|busmux:inst11|lpm_mux:$00000|mux_8vc:auto_generated|result_node[4]               ;
; 6:1                ; 2 bits    ; 8 LEs         ; 8 LEs                ; 0 LEs                  ; No         ; |myALU|busmux:inst11|lpm_mux:$00000|mux_8vc:auto_generated|result_node[6]               ;
+--------------------+-----------+---------------+----------------------+------------------------+------------+-----------------------------------------------------------------------------------------+


+----------------------------------------------------------------------------------------------------------+
; Parameter Settings for User Entity Instance: booth_multiplier_8bit:inst8|mux4to1_8bit:inst2|BUSMUX:inst2 ;
+----------------+-------+---------------------------------------------------------------------------------+
; Parameter Name ; Value ; Type                                                                            ;
+----------------+-------+---------------------------------------------------------------------------------+
; WIDTH          ; 8     ; Signed Integer                                                                  ;
+----------------+-------+---------------------------------------------------------------------------------+
Note: In order to hide this table in the UI and the text report file, please set the "Show Parameter Settings in Synthesis Report" option in "Analysis and Synthesis Settings -> More Settings" to "Off".


+---------------------------------------------------------------------------------------------------------+
; Parameter Settings for User Entity Instance: booth_multiplier_8bit:inst8|mux4to1_8bit:inst2|BUSMUX:inst ;
+----------------+-------+--------------------------------------------------------------------------------+
; Parameter Name ; Value ; Type                                                                           ;
+----------------+-------+--------------------------------------------------------------------------------+
; WIDTH          ; 8     ; Signed Integer                                                                 ;
+----------------+-------+--------------------------------------------------------------------------------+
Note: In order to hide this table in the UI and the text report file, please set the "Show Parameter Settings in Synthesis Report" option in "Analysis and Synthesis Settings -> More Settings" to "Off".


+----------------------------------------------------------------------------------------------------------+
; Parameter Settings for User Entity Instance: booth_multiplier_8bit:inst8|mux4to1_8bit:inst2|BUSMUX:inst1 ;
+----------------+-------+---------------------------------------------------------------------------------+
; Parameter Name ; Value ; Type                                                                            ;
+----------------+-------+---------------------------------------------------------------------------------+
; WIDTH          ; 8     ; Signed Integer                                                                  ;
+----------------+-------+---------------------------------------------------------------------------------+
Note: In order to hide this table in the UI and the text report file, please set the "Show Parameter Settings in Synthesis Report" option in "Analysis and Synthesis Settings -> More Settings" to "Off".


+-----------------------------------------------------------------------------------------------------------------+
; Parameter Settings for User Entity Instance: booth_multiplier_8bit:inst8|Sub_8bit:inst8|CSA_8bit:inst|MUX:inst5 ;
+----------------+-------+----------------------------------------------------------------------------------------+
; Parameter Name ; Value ; Type                                                                                   ;
+----------------+-------+----------------------------------------------------------------------------------------+
; WIDTH          ; 2     ; Signed Integer                                                                         ;
; WIDTHS         ; 1     ; Signed Integer                                                                         ;
+----------------+-------+----------------------------------------------------------------------------------------+
Note: In order to hide this table in the UI and the text report file, please set the "Show Parameter Settings in Synthesis Report" option in "Analysis and Synthesis Settings -> More Settings" to "Off".


+-----------------------------------------------------------------------------------------------------------------------+
; Parameter Settings for User Entity Instance: booth_multiplier_8bit:inst8|Sub_8bit:inst8|CSA_8bit:inst|BUSMUX:instance ;
+----------------+-------+----------------------------------------------------------------------------------------------+
; Parameter Name ; Value ; Type                                                                                         ;
+----------------+-------+----------------------------------------------------------------------------------------------+
; WIDTH          ; 4     ; Signed Integer                                                                               ;
+----------------+-------+----------------------------------------------------------------------------------------------+
Note: In order to hide this table in the UI and the text report file, please set the "Show Parameter Settings in Synthesis Report" option in "Analysis and Synthesis Settings -> More Settings" to "Off".


+-----------------------------------------------------------------------------------------------------------------+
; Parameter Settings for User Entity Instance: booth_multiplier_8bit:inst8|Add_8bit:inst4|CSA_8bit:inst|MUX:inst5 ;
+----------------+-------+----------------------------------------------------------------------------------------+
; Parameter Name ; Value ; Type                                                                                   ;
+----------------+-------+----------------------------------------------------------------------------------------+
; WIDTH          ; 2     ; Signed Integer                                                                         ;
; WIDTHS         ; 1     ; Signed Integer                                                                         ;
+----------------+-------+----------------------------------------------------------------------------------------+
Note: In order to hide this table in the UI and the text report file, please set the "Show Parameter Settings in Synthesis Report" option in "Analysis and Synthesis Settings -> More Settings" to "Off".


+-----------------------------------------------------------------------------------------------------------------------+
; Parameter Settings for User Entity Instance: booth_multiplier_8bit:inst8|Add_8bit:inst4|CSA_8bit:inst|BUSMUX:instance ;
+----------------+-------+----------------------------------------------------------------------------------------------+
; Parameter Name ; Value ; Type                                                                                         ;
+----------------+-------+----------------------------------------------------------------------------------------------+
; WIDTH          ; 4     ; Signed Integer                                                                               ;
+----------------+-------+----------------------------------------------------------------------------------------------+
Note: In order to hide this table in the UI and the text report file, please set the "Show Parameter Settings in Synthesis Report" option in "Analysis and Synthesis Settings -> More Settings" to "Off".


+------------------------------------------------------------+
; Parameter Settings for User Entity Instance: BUSMUX:inst11 ;
+----------------+-------+-----------------------------------+
; Parameter Name ; Value ; Type                              ;
+----------------+-------+-----------------------------------+
; WIDTH          ; 8     ; Signed Integer                    ;
+----------------+-------+-----------------------------------+
Note: In order to hide this table in the UI and the text report file, please set the "Show Parameter Settings in Synthesis Report" option in "Analysis and Synthesis Settings -> More Settings" to "Off".


+-------------------------------------------------------------------------------+
; Parameter Settings for User Entity Instance: mux4to1_8bit:inst13|BUSMUX:inst2 ;
+----------------+-------+------------------------------------------------------+
; Parameter Name ; Value ; Type                                                 ;
+----------------+-------+------------------------------------------------------+
; WIDTH          ; 8     ; Signed Integer                                       ;
+----------------+-------+------------------------------------------------------+
Note: In order to hide this table in the UI and the text report file, please set the "Show Parameter Settings in Synthesis Report" option in "Analysis and Synthesis Settings -> More Settings" to "Off".


+------------------------------------------------------------------------------+
; Parameter Settings for User Entity Instance: mux4to1_8bit:inst13|BUSMUX:inst ;
+----------------+-------+-----------------------------------------------------+
; Parameter Name ; Value ; Type                                                ;
+----------------+-------+-----------------------------------------------------+
; WIDTH          ; 8     ; Signed Integer                                      ;
+----------------+-------+-----------------------------------------------------+
Note: In order to hide this table in the UI and the text report file, please set the "Show Parameter Settings in Synthesis Report" option in "Analysis and Synthesis Settings -> More Settings" to "Off".


+-------------------------------------------------------------------------------+
; Parameter Settings for User Entity Instance: mux4to1_8bit:inst13|BUSMUX:inst1 ;
+----------------+-------+------------------------------------------------------+
; Parameter Name ; Value ; Type                                                 ;
+----------------+-------+------------------------------------------------------+
; WIDTH          ; 8     ; Signed Integer                                       ;
+----------------+-------+------------------------------------------------------+
Note: In order to hide this table in the UI and the text report file, please set the "Show Parameter Settings in Synthesis Report" option in "Analysis and Synthesis Settings -> More Settings" to "Off".


+------------------------------------------------------------+
; Parameter Settings for User Entity Instance: BUSMUX:inst12 ;
+----------------+-------+-----------------------------------+
; Parameter Name ; Value ; Type                              ;
+----------------+-------+-----------------------------------+
; WIDTH          ; 8     ; Signed Integer                    ;
+----------------+-------+-----------------------------------+
Note: In order to hide this table in the UI and the text report file, please set the "Show Parameter Settings in Synthesis Report" option in "Analysis and Synthesis Settings -> More Settings" to "Off".


+-------------------------------------------------------------------------------------+
; Parameter Settings for User Entity Instance: Add_8bit:inst1|CSA_8bit:inst|MUX:inst5 ;
+----------------+-------+------------------------------------------------------------+
; Parameter Name ; Value ; Type                                                       ;
+----------------+-------+------------------------------------------------------------+
; WIDTH          ; 2     ; Signed Integer                                             ;
; WIDTHS         ; 1     ; Signed Integer                                             ;
+----------------+-------+------------------------------------------------------------+
Note: In order to hide this table in the UI and the text report file, please set the "Show Parameter Settings in Synthesis Report" option in "Analysis and Synthesis Settings -> More Settings" to "Off".


+-------------------------------------------------------------------------------------------+
; Parameter Settings for User Entity Instance: Add_8bit:inst1|CSA_8bit:inst|BUSMUX:instance ;
+----------------+-------+------------------------------------------------------------------+
; Parameter Name ; Value ; Type                                                             ;
+----------------+-------+------------------------------------------------------------------+
; WIDTH          ; 4     ; Signed Integer                                                   ;
+----------------+-------+------------------------------------------------------------------+
Note: In order to hide this table in the UI and the text report file, please set the "Show Parameter Settings in Synthesis Report" option in "Analysis and Synthesis Settings -> More Settings" to "Off".


+-------------------------------------------------------------------------------------+
; Parameter Settings for User Entity Instance: Sub_8bit:inst5|CSA_8bit:inst|MUX:inst5 ;
+----------------+-------+------------------------------------------------------------+
; Parameter Name ; Value ; Type                                                       ;
+----------------+-------+------------------------------------------------------------+
; WIDTH          ; 2     ; Signed Integer                                             ;
; WIDTHS         ; 1     ; Signed Integer                                             ;
+----------------+-------+------------------------------------------------------------+
Note: In order to hide this table in the UI and the text report file, please set the "Show Parameter Settings in Synthesis Report" option in "Analysis and Synthesis Settings -> More Settings" to "Off".


+-------------------------------------------------------------------------------------------+
; Parameter Settings for User Entity Instance: Sub_8bit:inst5|CSA_8bit:inst|BUSMUX:instance ;
+----------------+-------+------------------------------------------------------------------+
; Parameter Name ; Value ; Type                                                             ;
+----------------+-------+------------------------------------------------------------------+
; WIDTH          ; 4     ; Signed Integer                                                   ;
+----------------+-------+------------------------------------------------------------------+
Note: In order to hide this table in the UI and the text report file, please set the "Show Parameter Settings in Synthesis Report" option in "Analysis and Synthesis Settings -> More Settings" to "Off".


+-------------------------------+
; Elapsed Time Per Partition    ;
+----------------+--------------+
; Partition Name ; Elapsed Time ;
+----------------+--------------+
; Top            ; 00:00:00     ;
+----------------+--------------+


+-------------------------------+
; Analysis & Synthesis Messages ;
+-------------------------------+
Info: *******************************************************************
Info: Running Quartus II 64-Bit Analysis & Synthesis
    Info: Version 13.1.0 Build 162 10/23/2013 SJ Web Edition
    Info: Processing started: Tue Mar 12 01:33:19 2024
Info: Command: quartus_map --read_settings_files=on --write_settings_files=off myALU -c myALU
Warning (20028): Parallel compilation is not licensed and has been disabled
Info (12021): Found 1 design units, including 1 entities, in source file mux4to1_8bit.bdf
    Info (12023): Found entity 1: mux4to1_8bit
Info (12021): Found 1 design units, including 1 entities, in source file mux16to1_8bit.bdf
    Info (12023): Found entity 1: mux16to1_8bit
Info (12021): Found 1 design units, including 1 entities, in source file 4bit_ripple_counter.bdf
    Info (12023): Found entity 1: 4bit_ripple_counter
Info (12021): Found 1 design units, including 1 entities, in source file ripple_counter_4bit.bdf
    Info (12023): Found entity 1: ripple_counter_4bit
Info (12021): Found 1 design units, including 1 entities, in source file xor_8bit.bdf
    Info (12023): Found entity 1: XOR_8bit
Info (12021): Found 1 design units, including 1 entities, in source file sub_8bit.bdf
    Info (12023): Found entity 1: Sub_8bit
Info (12021): Found 1 design units, including 1 entities, in source file shift_register_4bit.bdf
    Info (12023): Found entity 1: shift_register_4bit
Info (12021): Found 1 design units, including 1 entities, in source file or_8bit.bdf
    Info (12023): Found entity 1: OR_8bit
Info (12021): Found 1 design units, including 1 entities, in source file not_8bit.bdf
    Info (12023): Found entity 1: NOT_8bit
Info (12021): Found 1 design units, including 1 entities, in source file neq_8bit.bdf
    Info (12023): Found entity 1: NEQ_8bit
Info (12021): Found 1 design units, including 1 entities, in source file full_adder_4bit.bdf
    Info (12023): Found entity 1: Full_Adder_4bit
Info (12021): Found 1 design units, including 1 entities, in source file full_adder_1bit.bdf
    Info (12023): Found entity 1: Full_Adder_1bit
Info (12021): Found 1 design units, including 1 entities, in source file eq_8bit.bdf
    Info (12023): Found entity 1: EQ_8bit
Info (12021): Found 1 design units, including 1 entities, in source file csa_8bit.bdf
    Info (12023): Found entity 1: CSA_8bit
Info (12021): Found 1 design units, including 1 entities, in source file booth_multiplier_8bit.bdf
    Info (12023): Found entity 1: booth_multiplier_8bit
Info (12021): Found 1 design units, including 1 entities, in source file and_8bit.bdf
    Info (12023): Found entity 1: AND_8bit
Info (12021): Found 1 design units, including 1 entities, in source file add_8bit.bdf
    Info (12023): Found entity 1: Add_8bit
Info (12021): Found 1 design units, including 1 entities, in source file register_8bit.bdf
    Info (12023): Found entity 1: register_8bit
Info (12021): Found 1 design units, including 1 entities, in source file right_shift_8bit.bdf
    Info (12023): Found entity 1: right_shift_8bit
Info (12021): Found 1 design units, including 1 entities, in source file myalu.bdf
    Info (12023): Found entity 1: myALU
Info (12127): Elaborating entity "myALU" for the top level hierarchy
Warning (275011): Block or symbol "EQ_8bit" of instance "inst2" overlaps another block or symbol
Warning (275011): Block or symbol "XOR_8bit" of instance "inst6" overlaps another block or symbol
Info (12128): Elaborating entity "21mux" for hierarchy "21mux:inst10"
Info (12130): Elaborated megafunction instantiation "21mux:inst10"
Info (12128): Elaborating entity "NEQ_8bit" for hierarchy "NEQ_8bit:inst3"
Info (12128): Elaborating entity "EQ_8bit" for hierarchy "EQ_8bit:inst2"
Info (12128): Elaborating entity "booth_multiplier_8bit" for hierarchy "booth_multiplier_8bit:inst8"
Info (12128): Elaborating entity "7404" for hierarchy "booth_multiplier_8bit:inst8|7404:inst6"
Info (12130): Elaborated megafunction instantiation "booth_multiplier_8bit:inst8|7404:inst6"
Info (12128): Elaborating entity "ripple_counter_4bit" for hierarchy "booth_multiplier_8bit:inst8|ripple_counter_4bit:inst5"
Info (12128): Elaborating entity "register_8bit" for hierarchy "booth_multiplier_8bit:inst8|register_8bit:inst18"
Info (12128): Elaborating entity "shift_register_4bit" for hierarchy "booth_multiplier_8bit:inst8|register_8bit:inst18|shift_register_4bit:inst1"
Info (12128): Elaborating entity "mux4to1_8bit" for hierarchy "booth_multiplier_8bit:inst8|mux4to1_8bit:inst2"
Info (12128): Elaborating entity "BUSMUX" for hierarchy "booth_multiplier_8bit:inst8|mux4to1_8bit:inst2|BUSMUX:inst2"
Info (12130): Elaborated megafunction instantiation "booth_multiplier_8bit:inst8|mux4to1_8bit:inst2|BUSMUX:inst2"
Info (12133): Instantiated megafunction "booth_multiplier_8bit:inst8|mux4to1_8bit:inst2|BUSMUX:inst2" with the following parameter:
    Info (12134): Parameter "WIDTH" = "8"
Info (12128): Elaborating entity "lpm_mux" for hierarchy "booth_multiplier_8bit:inst8|mux4to1_8bit:inst2|BUSMUX:inst2|lpm_mux:$00000"
Info (12131): Elaborated megafunction instantiation "booth_multiplier_8bit:inst8|mux4to1_8bit:inst2|BUSMUX:inst2|lpm_mux:$00000", which is child of megafunction instantiation "booth_multiplier_8bit:inst8|mux4to1_8bit:inst2|BUSMUX:inst2"
Info (12021): Found 1 design units, including 1 entities, in source file db/mux_8vc.tdf
    Info (12023): Found entity 1: mux_8vc
Info (12128): Elaborating entity "mux_8vc" for hierarchy "booth_multiplier_8bit:inst8|mux4to1_8bit:inst2|BUSMUX:inst2|lpm_mux:$00000|mux_8vc:auto_generated"
Info (12128): Elaborating entity "right_shift_8bit" for hierarchy "booth_multiplier_8bit:inst8|right_shift_8bit:inst20"
Info (12128): Elaborating entity "Sub_8bit" for hierarchy "booth_multiplier_8bit:inst8|Sub_8bit:inst8"
Info (12128): Elaborating entity "CSA_8bit" for hierarchy "booth_multiplier_8bit:inst8|Sub_8bit:inst8|CSA_8bit:inst"
Info (12128): Elaborating entity "MUX" for hierarchy "booth_multiplier_8bit:inst8|Sub_8bit:inst8|CSA_8bit:inst|MUX:inst5"
Info (12130): Elaborated megafunction instantiation "booth_multiplier_8bit:inst8|Sub_8bit:inst8|CSA_8bit:inst|MUX:inst5"
Info (12133): Instantiated megafunction "booth_multiplier_8bit:inst8|Sub_8bit:inst8|CSA_8bit:inst|MUX:inst5" with the following parameter:
    Info (12134): Parameter "WIDTH" = "2"
    Info (12134): Parameter "WIDTHS" = "1"
Info (12128): Elaborating entity "lpm_mux" for hierarchy "booth_multiplier_8bit:inst8|Sub_8bit:inst8|CSA_8bit:inst|MUX:inst5|lpm_mux:$00001"
Info (12131): Elaborated megafunction instantiation "booth_multiplier_8bit:inst8|Sub_8bit:inst8|CSA_8bit:inst|MUX:inst5|lpm_mux:$00001", which is child of megafunction instantiation "booth_multiplier_8bit:inst8|Sub_8bit:inst8|CSA_8bit:inst|MUX:inst5"
Info (12021): Found 1 design units, including 1 entities, in source file db/mux_1vc.tdf
    Info (12023): Found entity 1: mux_1vc
Info (12128): Elaborating entity "mux_1vc" for hierarchy "booth_multiplier_8bit:inst8|Sub_8bit:inst8|CSA_8bit:inst|MUX:inst5|lpm_mux:$00001|mux_1vc:auto_generated"
Info (12128): Elaborating entity "Full_Adder_4bit" for hierarchy "booth_multiplier_8bit:inst8|Sub_8bit:inst8|CSA_8bit:inst|Full_Adder_4bit:inst1"
Info (12128): Elaborating entity "Full_Adder_1bit" for hierarchy "booth_multiplier_8bit:inst8|Sub_8bit:inst8|CSA_8bit:inst|Full_Adder_4bit:inst1|Full_Adder_1bit:inst5"
Info (12128): Elaborating entity "BUSMUX" for hierarchy "booth_multiplier_8bit:inst8|Sub_8bit:inst8|CSA_8bit:inst|BUSMUX:instance"
Info (12130): Elaborated megafunction instantiation "booth_multiplier_8bit:inst8|Sub_8bit:inst8|CSA_8bit:inst|BUSMUX:instance"
Info (12133): Instantiated megafunction "booth_multiplier_8bit:inst8|Sub_8bit:inst8|CSA_8bit:inst|BUSMUX:instance" with the following parameter:
    Info (12134): Parameter "WIDTH" = "4"
Info (12128): Elaborating entity "lpm_mux" for hierarchy "booth_multiplier_8bit:inst8|Sub_8bit:inst8|CSA_8bit:inst|BUSMUX:instance|lpm_mux:$00000"
Info (12131): Elaborated megafunction instantiation "booth_multiplier_8bit:inst8|Sub_8bit:inst8|CSA_8bit:inst|BUSMUX:instance|lpm_mux:$00000", which is child of megafunction instantiation "booth_multiplier_8bit:inst8|Sub_8bit:inst8|CSA_8bit:inst|BUSMUX:instance"
Info (12021): Found 1 design units, including 1 entities, in source file db/mux_4vc.tdf
    Info (12023): Found entity 1: mux_4vc
Info (12128): Elaborating entity "mux_4vc" for hierarchy "booth_multiplier_8bit:inst8|Sub_8bit:inst8|CSA_8bit:inst|BUSMUX:instance|lpm_mux:$00000|mux_4vc:auto_generated"
Info (12128): Elaborating entity "NOT_8bit" for hierarchy "booth_multiplier_8bit:inst8|Sub_8bit:inst8|NOT_8bit:inst2"
Info (12128): Elaborating entity "Add_8bit" for hierarchy "booth_multiplier_8bit:inst8|Add_8bit:inst4"
Info (12128): Elaborating entity "AND_8bit" for hierarchy "AND_8bit:inst"
Info (12128): Elaborating entity "OR_8bit" for hierarchy "OR_8bit:inst4"
Info (12128): Elaborating entity "XOR_8bit" for hierarchy "XOR_8bit:inst6"
Info (286030): Timing-Driven Synthesis is running
Info (16010): Generating hard_block partition "hard_block:auto_generated_inst"
    Info (16011): Adding 0 node(s), including 0 DDIO, 0 PLL, 0 transceiver and 0 LCELL
Info (21057): Implemented 163 device resources after synthesis - the final resource count might be different
    Info (21058): Implemented 21 input pins
    Info (21059): Implemented 10 output pins
    Info (21061): Implemented 132 logic cells
Info: Quartus II 64-Bit Analysis & Synthesis was successful. 0 errors, 3 warnings
    Info: Peak virtual memory: 4671 megabytes
    Info: Processing ended: Tue Mar 12 01:33:21 2024
    Info: Elapsed time: 00:00:02
    Info: Total CPU time (on all processors): 00:00:02


