Flow report for full_adder_1_bit
Wed Mar 06 14:43:38 2024
Quartus II 64-Bit Version 13.1.0 Build 162 10/23/2013 SJ Web Edition


---------------------
; Table of Contents ;
---------------------
  1. Legal Notice
  2. Flow Summary
  3. Flow Settings
  4. Flow Non-Default Global Settings
  5. Flow Elapsed Time
  6. Flow OS Summary
  7. Flow Log
  8. Flow Messages
  9. Flow Suppressed Messages



----------------
; Legal Notice ;
----------------
Copyright (C) 1991-2013 Altera Corporation
Your use of Altera Corporation's design tools, logic functions 
and other software and tools, and its AMPP partner logic 
functions, and any output files from any of the foregoing 
(including device programming or simulation files), and any 
associated documentation or information are expressly subject 
to the terms and conditions of the Altera Program License 
Subscription Agreement, Altera MegaCore Function License 
Agreement, or other applicable license agreement, including, 
without limitation, that your use is for the sole purpose of 
programming logic devices manufactured by Altera and sold by 
Altera or its authorized distributors.  Please refer to the 
applicable agreement for further details.



+------------------------------------------------------------------------+
; Flow Summary                                                           ;
+---------------------------+--------------------------------------------+
; Flow Status               ; Successful - Wed Mar 06 14:43:38 2024      ;
; Quartus II 64-Bit Version ; 13.1.0 Build 162 10/23/2013 SJ Web Edition ;
; Revision Name             ; full_adder_1_bit                           ;
; Top-level Entity Name     ; Q1                                         ;
; Family                    ; MAX V                                      ;
; Total logic elements      ; 171 / 240 ( 71 % )                         ;
; Total pins                ; 59 / 114 ( 52 % )                          ;
; Total virtual pins        ; 0                                          ;
; UFM blocks                ; 0 / 1 ( 0 % )                              ;
; Device                    ; 5M240ZT144C4                               ;
; Timing Models             ; Final                                      ;
+---------------------------+--------------------------------------------+


+-----------------------------------------+
; Flow Settings                           ;
+-------------------+---------------------+
; Option            ; Setting             ;
+-------------------+---------------------+
; Start date & time ; 03/06/2024 14:43:20 ;
; Main task         ; Compilation         ;
; Revision Name     ; full_adder_1_bit    ;
+-------------------+---------------------+


+-----------------------------------------------------------------------------------------------------------------------------------------------------------------+
; Flow Non-Default Global Settings                                                                                                                                ;
+---------------------------------+-----------------------------------------------------------------------------+------------------+-------------+----------------+
; Assignment Name                 ; Value                                                                       ; Default Value    ; Entity Name ; Section Id     ;
+---------------------------------+-----------------------------------------------------------------------------+------------------+-------------+----------------+
; COMPILER_SIGNATURE_ID           ; 118902013322149.170972360004228                                             ; --               ; --          ; --             ;
; EDA_GENERATE_FUNCTIONAL_NETLIST ; On                                                                          ; --               ; --          ; eda_simulation ;
; EDA_NETLIST_WRITER_OUTPUT_DIR   ; D:/University/Semester4/Assignments/Architecture/Exercise2/simulation/qsim/ ; --               ; --          ; eda_simulation ;
; EDA_OUTPUT_DATA_FORMAT          ; Verilog Hdl                                                                 ; --               ; --          ; eda_simulation ;
; EDA_SIMULATION_TOOL             ; ModelSim-Altera (Verilog)                                                   ; <None>           ; --          ; --             ;
; PROJECT_OUTPUT_DIRECTORY        ; output_files                                                                ; --               ; --          ; --             ;
; TOP_LEVEL_ENTITY                ; Q1                                                                          ; full_adder_1_bit ; --          ; --             ;
+---------------------------------+-----------------------------------------------------------------------------+------------------+-------------+----------------+


+-------------------------------------------------------------------------------------------------------------------------------+
; Flow Elapsed Time                                                                                                             ;
+---------------------------+--------------+-------------------------+---------------------+------------------------------------+
; Module Name               ; Elapsed Time ; Average Processors Used ; Peak Virtual Memory ; Total CPU Time (on all processors) ;
+---------------------------+--------------+-------------------------+---------------------+------------------------------------+
; Analysis & Synthesis      ; 00:00:02     ; 1.0                     ; 4601 MB             ; 00:00:01                           ;
; Fitter                    ; 00:00:03     ; 1.0                     ; 4834 MB             ; 00:00:01                           ;
; Assembler                 ; 00:00:00     ; 1.0                     ; 4545 MB             ; 00:00:00                           ;
; TimeQuest Timing Analyzer ; 00:00:01     ; 1.0                     ; 4545 MB             ; 00:00:00                           ;
; EDA Netlist Writer        ; 00:00:00     ; 1.0                     ; 4520 MB             ; 00:00:00                           ;
; EDA Netlist Writer        ; 00:00:00     ; 1.0                     ; 4532 MB             ; 00:00:00                           ;
; EDA Netlist Writer        ; 00:00:01     ; 1.0                     ; 4532 MB             ; 00:00:00                           ;
; Total                     ; 00:00:07     ; --                      ; --                  ; 00:00:02                           ;
+---------------------------+--------------+-------------------------+---------------------+------------------------------------+


+----------------------------------------------------------------------------------------+
; Flow OS Summary                                                                        ;
+---------------------------+------------------+-----------+------------+----------------+
; Module Name               ; Machine Hostname ; OS Name   ; OS Version ; Processor type ;
+---------------------------+------------------+-----------+------------+----------------+
; Analysis & Synthesis      ; Amir7            ; Windows 7 ; 6.2        ; x86_64         ;
; Fitter                    ; Amir7            ; Windows 7 ; 6.2        ; x86_64         ;
; Assembler                 ; Amir7            ; Windows 7 ; 6.2        ; x86_64         ;
; TimeQuest Timing Analyzer ; Amir7            ; Windows 7 ; 6.2        ; x86_64         ;
; EDA Netlist Writer        ; Amir7            ; Windows 7 ; 6.2        ; x86_64         ;
; EDA Netlist Writer        ; Amir7            ; Windows 7 ; 6.2        ; x86_64         ;
; EDA Netlist Writer        ; Amir7            ; Windows 7 ; 6.2        ; x86_64         ;
+---------------------------+------------------+-----------+------------+----------------+


------------
; Flow Log ;
------------
quartus_map --read_settings_files=on --write_settings_files=off full_adder_1_bit -c full_adder_1_bit
quartus_fit --read_settings_files=off --write_settings_files=off full_adder_1_bit -c full_adder_1_bit
quartus_asm --read_settings_files=off --write_settings_files=off full_adder_1_bit -c full_adder_1_bit
quartus_sta full_adder_1_bit -c full_adder_1_bit
quartus_eda --read_settings_files=off --write_settings_files=off full_adder_1_bit -c full_adder_1_bit
quartus_eda --gen_testbench --check_outputs=on --tool=modelsim_oem --format=verilog full_adder_1_bit -c full_adder_1_bit --vector_source=D:/University/Semester4/Assignments/Architecture/Exercise2/Waveform13.vwf --testbench_file=D:/University/Semester4/Assignments/Architecture/Exercise2/simulation/qsim/Waveform13.vwf.vt
quartus_eda --functional=on --flatten_buses=off --simulation=on --tool=modelsim_oem --format=verilog --output_directory=D:/University/Semester4/Assignments/Architecture/Exercise2/simulation/qsim/ full_adder_1_bit -c full_adder_1_bit



