Analysis & Synthesis report for full_adder_1_bit
Wed Mar 06 14:43:21 2024
Quartus II 64-Bit Version 13.1.0 Build 162 10/23/2013 SJ Web Edition


---------------------
; Table of Contents ;
---------------------
  1. Legal Notice
  2. Analysis & Synthesis Summary
  3. Analysis & Synthesis Settings
  4. Parallel Compilation
  5. Analysis & Synthesis Source Files Read
  6. Analysis & Synthesis Resource Usage Summary
  7. Analysis & Synthesis Resource Utilization by Entity
  8. General Register Statistics
  9. Multiplexer Restructuring Statistics (Restructuring Performed)
 10. Parameter Settings for User Entity Instance: mux_8:instance|BUSMUX:inst2
 11. Parameter Settings for User Entity Instance: mux_8:instance|mux_4:inst|BUSMUX:mux2
 12. Parameter Settings for User Entity Instance: mux_8:instance|mux_4:inst|BUSMUX:mux
 13. Parameter Settings for User Entity Instance: mux_8:instance|mux_4:inst|BUSMUX:mux1
 14. Parameter Settings for User Entity Instance: mux_8:instance|mux_4:inst3|BUSMUX:mux2
 15. Parameter Settings for User Entity Instance: mux_8:instance|mux_4:inst3|BUSMUX:mux
 16. Parameter Settings for User Entity Instance: mux_8:instance|mux_4:inst3|BUSMUX:mux1
 17. Parameter Settings for User Entity Instance: mux_8:inst17|BUSMUX:inst2
 18. Parameter Settings for User Entity Instance: mux_8:inst17|mux_4:inst|BUSMUX:mux2
 19. Parameter Settings for User Entity Instance: mux_8:inst17|mux_4:inst|BUSMUX:mux
 20. Parameter Settings for User Entity Instance: mux_8:inst17|mux_4:inst|BUSMUX:mux1
 21. Parameter Settings for User Entity Instance: mux_8:inst17|mux_4:inst3|BUSMUX:mux2
 22. Parameter Settings for User Entity Instance: mux_8:inst17|mux_4:inst3|BUSMUX:mux
 23. Parameter Settings for User Entity Instance: mux_8:inst17|mux_4:inst3|BUSMUX:mux1
 24. Parameter Settings for User Entity Instance: mux_8:inst19|BUSMUX:inst2
 25. Parameter Settings for User Entity Instance: mux_8:inst19|mux_4:inst|BUSMUX:mux2
 26. Parameter Settings for User Entity Instance: mux_8:inst19|mux_4:inst|BUSMUX:mux
 27. Parameter Settings for User Entity Instance: mux_8:inst19|mux_4:inst|BUSMUX:mux1
 28. Parameter Settings for User Entity Instance: mux_8:inst19|mux_4:inst3|BUSMUX:mux2
 29. Parameter Settings for User Entity Instance: mux_8:inst19|mux_4:inst3|BUSMUX:mux
 30. Parameter Settings for User Entity Instance: mux_8:inst19|mux_4:inst3|BUSMUX:mux1
 31. Parameter Settings for User Entity Instance: mux_8:inst20|BUSMUX:inst2
 32. Parameter Settings for User Entity Instance: mux_8:inst20|mux_4:inst|BUSMUX:mux2
 33. Parameter Settings for User Entity Instance: mux_8:inst20|mux_4:inst|BUSMUX:mux
 34. Parameter Settings for User Entity Instance: mux_8:inst20|mux_4:inst|BUSMUX:mux1
 35. Parameter Settings for User Entity Instance: mux_8:inst20|mux_4:inst3|BUSMUX:mux2
 36. Parameter Settings for User Entity Instance: mux_8:inst20|mux_4:inst3|BUSMUX:mux
 37. Parameter Settings for User Entity Instance: mux_8:inst20|mux_4:inst3|BUSMUX:mux1
 38. Parameter Settings for User Entity Instance: mux_8:inst15|BUSMUX:inst2
 39. Parameter Settings for User Entity Instance: mux_8:inst15|mux_4:inst|BUSMUX:mux2
 40. Parameter Settings for User Entity Instance: mux_8:inst15|mux_4:inst|BUSMUX:mux
 41. Parameter Settings for User Entity Instance: mux_8:inst15|mux_4:inst|BUSMUX:mux1
 42. Parameter Settings for User Entity Instance: mux_8:inst15|mux_4:inst3|BUSMUX:mux2
 43. Parameter Settings for User Entity Instance: mux_8:inst15|mux_4:inst3|BUSMUX:mux
 44. Parameter Settings for User Entity Instance: mux_8:inst15|mux_4:inst3|BUSMUX:mux1
 45. Parameter Settings for User Entity Instance: mux_8:inst16|BUSMUX:inst2
 46. Parameter Settings for User Entity Instance: mux_8:inst16|mux_4:inst|BUSMUX:mux2
 47. Parameter Settings for User Entity Instance: mux_8:inst16|mux_4:inst|BUSMUX:mux
 48. Parameter Settings for User Entity Instance: mux_8:inst16|mux_4:inst|BUSMUX:mux1
 49. Parameter Settings for User Entity Instance: mux_8:inst16|mux_4:inst3|BUSMUX:mux2
 50. Parameter Settings for User Entity Instance: mux_8:inst16|mux_4:inst3|BUSMUX:mux
 51. Parameter Settings for User Entity Instance: mux_8:inst16|mux_4:inst3|BUSMUX:mux1
 52. Analysis & Synthesis Messages



----------------
; Legal Notice ;
----------------
Copyright (C) 1991-2013 Altera Corporation
Your use of Altera Corporation's design tools, logic functions 
and other software and tools, and its AMPP partner logic 
functions, and any output files from any of the foregoing 
(including device programming or simulation files), and any 
associated documentation or information are expressly subject 
to the terms and conditions of the Altera Program License 
Subscription Agreement, Altera MegaCore Function License 
Agreement, or other applicable license agreement, including, 
without limitation, that your use is for the sole purpose of 
programming logic devices manufactured by Altera and sold by 
Altera or its authorized distributors.  Please refer to the 
applicable agreement for further details.



+--------------------------------------------------------------------------+
; Analysis & Synthesis Summary                                             ;
+-----------------------------+--------------------------------------------+
; Analysis & Synthesis Status ; Successful - Wed Mar 06 14:43:21 2024      ;
; Quartus II 64-Bit Version   ; 13.1.0 Build 162 10/23/2013 SJ Web Edition ;
; Revision Name               ; full_adder_1_bit                           ;
; Top-level Entity Name       ; Q1                                         ;
; Family                      ; MAX V                                      ;
; Total logic elements        ; 171                                        ;
; Total pins                  ; 59                                         ;
; Total virtual pins          ; 0                                          ;
; UFM blocks                  ; 0 / 1 ( 0 % )                              ;
+-----------------------------+--------------------------------------------+


+----------------------------------------------------------------------------------------------------------------------+
; Analysis & Synthesis Settings                                                                                        ;
+----------------------------------------------------------------------------+--------------------+--------------------+
; Option                                                                     ; Setting            ; Default Value      ;
+----------------------------------------------------------------------------+--------------------+--------------------+
; Top-level entity name                                                      ; Q1                 ; full_adder_1_bit   ;
; Family name                                                                ; MAX V              ; Cyclone IV GX      ;
; Use smart compilation                                                      ; Off                ; Off                ;
; Enable parallel Assembler and TimeQuest Timing Analyzer during compilation ; On                 ; On                 ;
; Enable compact report table                                                ; Off                ; Off                ;
; Restructure Multiplexers                                                   ; Auto               ; Auto               ;
; Create Debugging Nodes for IP Cores                                        ; Off                ; Off                ;
; Preserve fewer node names                                                  ; On                 ; On                 ;
; Disable OpenCore Plus hardware evaluation                                  ; Off                ; Off                ;
; Verilog Version                                                            ; Verilog_2001       ; Verilog_2001       ;
; VHDL Version                                                               ; VHDL_1993          ; VHDL_1993          ;
; State Machine Processing                                                   ; Auto               ; Auto               ;
; Safe State Machine                                                         ; Off                ; Off                ;
; Extract Verilog State Machines                                             ; On                 ; On                 ;
; Extract VHDL State Machines                                                ; On                 ; On                 ;
; Ignore Verilog initial constructs                                          ; Off                ; Off                ;
; Iteration limit for constant Verilog loops                                 ; 5000               ; 5000               ;
; Iteration limit for non-constant Verilog loops                             ; 250                ; 250                ;
; Add Pass-Through Logic to Inferred RAMs                                    ; On                 ; On                 ;
; Infer RAMs from Raw Logic                                                  ; On                 ; On                 ;
; Parallel Synthesis                                                         ; On                 ; On                 ;
; NOT Gate Push-Back                                                         ; On                 ; On                 ;
; Power-Up Don't Care                                                        ; On                 ; On                 ;
; Remove Redundant Logic Cells                                               ; Off                ; Off                ;
; Remove Duplicate Registers                                                 ; On                 ; On                 ;
; Ignore CARRY Buffers                                                       ; Off                ; Off                ;
; Ignore CASCADE Buffers                                                     ; Off                ; Off                ;
; Ignore GLOBAL Buffers                                                      ; Off                ; Off                ;
; Ignore ROW GLOBAL Buffers                                                  ; Off                ; Off                ;
; Ignore LCELL Buffers                                                       ; Off                ; Off                ;
; Ignore SOFT Buffers                                                        ; On                 ; On                 ;
; Limit AHDL Integers to 32 Bits                                             ; Off                ; Off                ;
; Optimization Technique                                                     ; Balanced           ; Balanced           ;
; Carry Chain Length                                                         ; 70                 ; 70                 ;
; Auto Carry Chains                                                          ; On                 ; On                 ;
; Auto Open-Drain Pins                                                       ; On                 ; On                 ;
; Perform WYSIWYG Primitive Resynthesis                                      ; Off                ; Off                ;
; Auto Shift Register Replacement                                            ; Auto               ; Auto               ;
; Allow Shift Register Merging across Hierarchies                            ; Auto               ; Auto               ;
; Auto Clock Enable Replacement                                              ; On                 ; On                 ;
; Allow Synchronous Control Signals                                          ; On                 ; On                 ;
; Force Use of Synchronous Clear Signals                                     ; Off                ; Off                ;
; Auto Resource Sharing                                                      ; Off                ; Off                ;
; Use LogicLock Constraints during Resource Balancing                        ; On                 ; On                 ;
; Ignore translate_off and synthesis_off directives                          ; Off                ; Off                ;
; Report Parameter Settings                                                  ; On                 ; On                 ;
; Report Source Assignments                                                  ; On                 ; On                 ;
; Report Connectivity Checks                                                 ; On                 ; On                 ;
; Ignore Maximum Fan-Out Assignments                                         ; Off                ; Off                ;
; Synchronization Register Chain Length                                      ; 2                  ; 2                  ;
; PowerPlay Power Optimization                                               ; Normal compilation ; Normal compilation ;
; HDL message level                                                          ; Level2             ; Level2             ;
; Suppress Register Optimization Related Messages                            ; Off                ; Off                ;
; Number of Removed Registers Reported in Synthesis Report                   ; 5000               ; 5000               ;
; Number of Swept Nodes Reported in Synthesis Report                         ; 5000               ; 5000               ;
; Number of Inverted Registers Reported in Synthesis Report                  ; 100                ; 100                ;
; Clock MUX Protection                                                       ; On                 ; On                 ;
; Block Design Naming                                                        ; Auto               ; Auto               ;
; Synthesis Effort                                                           ; Auto               ; Auto               ;
; Shift Register Replacement - Allow Asynchronous Clear Signal               ; On                 ; On                 ;
; Pre-Mapping Resynthesis Optimization                                       ; Off                ; Off                ;
; Analysis & Synthesis Message Level                                         ; Medium             ; Medium             ;
; Disable Register Merging Across Hierarchies                                ; Auto               ; Auto               ;
; Synthesis Seed                                                             ; 1                  ; 1                  ;
+----------------------------------------------------------------------------+--------------------+--------------------+


Parallel compilation was disabled, but you have multiple processors available. Enable parallel compilation to reduce compilation time.
+-------------------------------------+
; Parallel Compilation                ;
+----------------------------+--------+
; Processors                 ; Number ;
+----------------------------+--------+
; Number detected on machine ; 16     ;
; Maximum allowed            ; 1      ;
+----------------------------+--------+


+-------------------------------------------------------------------------------------------------------------------------------------------------------------------------------------+
; Analysis & Synthesis Source Files Read                                                                                                                                              ;
+----------------------------------+-----------------+------------------------------------+---------------------------------------------------------------------------------+---------+
; File Name with User-Entered Path ; Used in Netlist ; File Type                          ; File Name with Absolute Path                                                    ; Library ;
+----------------------------------+-----------------+------------------------------------+---------------------------------------------------------------------------------+---------+
; full_adder_1_bit.bdf             ; yes             ; User Block Diagram/Schematic File  ; D:/University/Semester4/Assignments/Architecture/Exercise2/full_adder_1_bit.bdf ;         ;
; full_adder_8_bit.bdf             ; yes             ; User Block Diagram/Schematic File  ; D:/University/Semester4/Assignments/Architecture/Exercise2/full_adder_8_bit.bdf ;         ;
; mux_4.bdf                        ; yes             ; User Block Diagram/Schematic File  ; D:/University/Semester4/Assignments/Architecture/Exercise2/mux_4.bdf            ;         ;
; mux_8.bdf                        ; yes             ; User Block Diagram/Schematic File  ; D:/University/Semester4/Assignments/Architecture/Exercise2/mux_8.bdf            ;         ;
; register_8bit.bdf                ; yes             ; User Block Diagram/Schematic File  ; D:/University/Semester4/Assignments/Architecture/Exercise2/register_8bit.bdf    ;         ;
; ALU.bdf                          ; yes             ; User Block Diagram/Schematic File  ; D:/University/Semester4/Assignments/Architecture/Exercise2/ALU.bdf              ;         ;
; Q1.bdf                           ; yes             ; User Block Diagram/Schematic File  ; D:/University/Semester4/Assignments/Architecture/Exercise2/Q1.bdf               ;         ;
; busmux.tdf                       ; yes             ; Megafunction                       ; c:/altera/13.1/quartus/libraries/megafunctions/busmux.tdf                       ;         ;
; lpm_mux.inc                      ; yes             ; Megafunction                       ; c:/altera/13.1/quartus/libraries/megafunctions/lpm_mux.inc                      ;         ;
; lpm_mux.tdf                      ; yes             ; Megafunction                       ; c:/altera/13.1/quartus/libraries/megafunctions/lpm_mux.tdf                      ;         ;
; aglobal131.inc                   ; yes             ; Megafunction                       ; c:/altera/13.1/quartus/libraries/megafunctions/aglobal131.inc                   ;         ;
; muxlut.inc                       ; yes             ; Megafunction                       ; c:/altera/13.1/quartus/libraries/megafunctions/muxlut.inc                       ;         ;
; bypassff.inc                     ; yes             ; Megafunction                       ; c:/altera/13.1/quartus/libraries/megafunctions/bypassff.inc                     ;         ;
; altshift.inc                     ; yes             ; Megafunction                       ; c:/altera/13.1/quartus/libraries/megafunctions/altshift.inc                     ;         ;
; db/mux_p6c.tdf                   ; yes             ; Auto-Generated Megafunction        ; D:/University/Semester4/Assignments/Architecture/Exercise2/db/mux_p6c.tdf       ;         ;
+----------------------------------+-----------------+------------------------------------+---------------------------------------------------------------------------------+---------+


+-----------------------------------------------------+
; Analysis & Synthesis Resource Usage Summary         ;
+---------------------------------------------+-------+
; Resource                                    ; Usage ;
+---------------------------------------------+-------+
; Total logic elements                        ; 171   ;
;     -- Combinational with no register       ; 139   ;
;     -- Register only                        ; 0     ;
;     -- Combinational with a register        ; 32    ;
;                                             ;       ;
; Logic element usage by number of LUT inputs ;       ;
;     -- 4 input functions                    ; 118   ;
;     -- 3 input functions                    ; 41    ;
;     -- 2 input functions                    ; 12    ;
;     -- 1 input functions                    ; 0     ;
;     -- 0 input functions                    ; 0     ;
;                                             ;       ;
; Logic elements by mode                      ;       ;
;     -- normal mode                          ; 171   ;
;     -- arithmetic mode                      ; 0     ;
;     -- qfbk mode                            ; 0     ;
;     -- register cascade mode                ; 0     ;
;     -- synchronous clear/load mode          ; 0     ;
;     -- asynchronous clear/load mode         ; 0     ;
;                                             ;       ;
; Total registers                             ; 32    ;
; I/O pins                                    ; 59    ;
; Maximum fan-out node                        ; clock ;
; Maximum fan-out                             ; 32    ;
; Total fan-out                               ; 723   ;
; Average fan-out                             ; 3.14  ;
+---------------------------------------------+-------+


+------------------------------------------------------------------------------------------------------------------------------------------------------------------------------------------------------------------------------------------------------------------------------------------------+
; Analysis & Synthesis Resource Utilization by Entity                                                                                                                                                                                                                                            ;
+-----------------------------------------+-------------+--------------+------------+------+--------------+--------------+-------------------+------------------+-----------------+------------+----------------------------------------------------------------------------------+--------------+
; Compilation Hierarchy Node              ; Logic Cells ; LC Registers ; UFM Blocks ; Pins ; Virtual Pins ; LUT-Only LCs ; Register-Only LCs ; LUT/Register LCs ; Carry Chain LCs ; Packed LCs ; Full Hierarchy Name                                                              ; Library Name ;
+-----------------------------------------+-------------+--------------+------------+------+--------------+--------------+-------------------+------------------+-----------------+------------+----------------------------------------------------------------------------------+--------------+
; |Q1                                     ; 171 (0)     ; 32           ; 0          ; 59   ; 0            ; 139 (0)      ; 0 (0)             ; 32 (0)           ; 0 (0)           ; 0 (0)      ; |Q1                                                                              ; work         ;
;    |ALU:inst18|                         ; 14 (0)      ; 0            ; 0          ; 0    ; 0            ; 14 (0)       ; 0 (0)             ; 0 (0)            ; 0 (0)           ; 0 (0)      ; |Q1|ALU:inst18                                                                   ; work         ;
;       |full_adder_8_bit:inst|           ; 14 (0)      ; 0            ; 0          ; 0    ; 0            ; 14 (0)       ; 0 (0)             ; 0 (0)            ; 0 (0)           ; 0 (0)      ; |Q1|ALU:inst18|full_adder_8_bit:inst                                             ; work         ;
;          |full_adder_1_bit:inst1|       ; 2 (2)       ; 0            ; 0          ; 0    ; 0            ; 2 (2)        ; 0 (0)             ; 0 (0)            ; 0 (0)           ; 0 (0)      ; |Q1|ALU:inst18|full_adder_8_bit:inst|full_adder_1_bit:inst1                      ; work         ;
;          |full_adder_1_bit:inst2|       ; 2 (2)       ; 0            ; 0          ; 0    ; 0            ; 2 (2)        ; 0 (0)             ; 0 (0)            ; 0 (0)           ; 0 (0)      ; |Q1|ALU:inst18|full_adder_8_bit:inst|full_adder_1_bit:inst2                      ; work         ;
;          |full_adder_1_bit:inst3|       ; 2 (2)       ; 0            ; 0          ; 0    ; 0            ; 2 (2)        ; 0 (0)             ; 0 (0)            ; 0 (0)           ; 0 (0)      ; |Q1|ALU:inst18|full_adder_8_bit:inst|full_adder_1_bit:inst3                      ; work         ;
;          |full_adder_1_bit:inst5|       ; 2 (2)       ; 0            ; 0          ; 0    ; 0            ; 2 (2)        ; 0 (0)             ; 0 (0)            ; 0 (0)           ; 0 (0)      ; |Q1|ALU:inst18|full_adder_8_bit:inst|full_adder_1_bit:inst5                      ; work         ;
;          |full_adder_1_bit:inst6|       ; 2 (2)       ; 0            ; 0          ; 0    ; 0            ; 2 (2)        ; 0 (0)             ; 0 (0)            ; 0 (0)           ; 0 (0)      ; |Q1|ALU:inst18|full_adder_8_bit:inst|full_adder_1_bit:inst6                      ; work         ;
;          |full_adder_1_bit:inst7|       ; 2 (2)       ; 0            ; 0          ; 0    ; 0            ; 2 (2)        ; 0 (0)             ; 0 (0)            ; 0 (0)           ; 0 (0)      ; |Q1|ALU:inst18|full_adder_8_bit:inst|full_adder_1_bit:inst7                      ; work         ;
;          |full_adder_1_bit:inst8|       ; 1 (1)       ; 0            ; 0          ; 0    ; 0            ; 1 (1)        ; 0 (0)             ; 0 (0)            ; 0 (0)           ; 0 (0)      ; |Q1|ALU:inst18|full_adder_8_bit:inst|full_adder_1_bit:inst8                      ; work         ;
;          |full_adder_1_bit:inst|        ; 1 (1)       ; 0            ; 0          ; 0    ; 0            ; 1 (1)        ; 0 (0)             ; 0 (0)            ; 0 (0)           ; 0 (0)      ; |Q1|ALU:inst18|full_adder_8_bit:inst|full_adder_1_bit:inst                       ; work         ;
;    |mux_8:inst15|                       ; 24 (0)      ; 0            ; 0          ; 0    ; 0            ; 24 (0)       ; 0 (0)             ; 0 (0)            ; 0 (0)           ; 0 (0)      ; |Q1|mux_8:inst15                                                                 ; work         ;
;       |busmux:inst2|                    ; 22 (0)      ; 0            ; 0          ; 0    ; 0            ; 22 (0)       ; 0 (0)             ; 0 (0)            ; 0 (0)           ; 0 (0)      ; |Q1|mux_8:inst15|busmux:inst2                                                    ; work         ;
;          |lpm_mux:$00000|               ; 22 (0)      ; 0            ; 0          ; 0    ; 0            ; 22 (0)       ; 0 (0)             ; 0 (0)            ; 0 (0)           ; 0 (0)      ; |Q1|mux_8:inst15|busmux:inst2|lpm_mux:$00000                                     ; work         ;
;             |mux_p6c:auto_generated|    ; 22 (22)     ; 0            ; 0          ; 0    ; 0            ; 22 (22)      ; 0 (0)             ; 0 (0)            ; 0 (0)           ; 0 (0)      ; |Q1|mux_8:inst15|busmux:inst2|lpm_mux:$00000|mux_p6c:auto_generated              ; work         ;
;       |mux_4:inst|                      ; 2 (0)       ; 0            ; 0          ; 0    ; 0            ; 2 (0)        ; 0 (0)             ; 0 (0)            ; 0 (0)           ; 0 (0)      ; |Q1|mux_8:inst15|mux_4:inst                                                      ; work         ;
;          |busmux:mux2|                  ; 2 (0)       ; 0            ; 0          ; 0    ; 0            ; 2 (0)        ; 0 (0)             ; 0 (0)            ; 0 (0)           ; 0 (0)      ; |Q1|mux_8:inst15|mux_4:inst|busmux:mux2                                          ; work         ;
;             |lpm_mux:$00000|            ; 2 (0)       ; 0            ; 0          ; 0    ; 0            ; 2 (0)        ; 0 (0)             ; 0 (0)            ; 0 (0)           ; 0 (0)      ; |Q1|mux_8:inst15|mux_4:inst|busmux:mux2|lpm_mux:$00000                           ; work         ;
;                |mux_p6c:auto_generated| ; 2 (2)       ; 0            ; 0          ; 0    ; 0            ; 2 (2)        ; 0 (0)             ; 0 (0)            ; 0 (0)           ; 0 (0)      ; |Q1|mux_8:inst15|mux_4:inst|busmux:mux2|lpm_mux:$00000|mux_p6c:auto_generated    ; work         ;
;    |mux_8:inst16|                       ; 25 (0)      ; 0            ; 0          ; 0    ; 0            ; 25 (0)       ; 0 (0)             ; 0 (0)            ; 0 (0)           ; 0 (0)      ; |Q1|mux_8:inst16                                                                 ; work         ;
;       |busmux:inst2|                    ; 13 (0)      ; 0            ; 0          ; 0    ; 0            ; 13 (0)       ; 0 (0)             ; 0 (0)            ; 0 (0)           ; 0 (0)      ; |Q1|mux_8:inst16|busmux:inst2                                                    ; work         ;
;          |lpm_mux:$00000|               ; 13 (0)      ; 0            ; 0          ; 0    ; 0            ; 13 (0)       ; 0 (0)             ; 0 (0)            ; 0 (0)           ; 0 (0)      ; |Q1|mux_8:inst16|busmux:inst2|lpm_mux:$00000                                     ; work         ;
;             |mux_p6c:auto_generated|    ; 13 (13)     ; 0            ; 0          ; 0    ; 0            ; 13 (13)      ; 0 (0)             ; 0 (0)            ; 0 (0)           ; 0 (0)      ; |Q1|mux_8:inst16|busmux:inst2|lpm_mux:$00000|mux_p6c:auto_generated              ; work         ;
;       |mux_4:inst|                      ; 12 (0)      ; 0            ; 0          ; 0    ; 0            ; 12 (0)       ; 0 (0)             ; 0 (0)            ; 0 (0)           ; 0 (0)      ; |Q1|mux_8:inst16|mux_4:inst                                                      ; work         ;
;          |busmux:mux2|                  ; 12 (0)      ; 0            ; 0          ; 0    ; 0            ; 12 (0)       ; 0 (0)             ; 0 (0)            ; 0 (0)           ; 0 (0)      ; |Q1|mux_8:inst16|mux_4:inst|busmux:mux2                                          ; work         ;
;             |lpm_mux:$00000|            ; 12 (0)      ; 0            ; 0          ; 0    ; 0            ; 12 (0)       ; 0 (0)             ; 0 (0)            ; 0 (0)           ; 0 (0)      ; |Q1|mux_8:inst16|mux_4:inst|busmux:mux2|lpm_mux:$00000                           ; work         ;
;                |mux_p6c:auto_generated| ; 12 (12)     ; 0            ; 0          ; 0    ; 0            ; 12 (12)      ; 0 (0)             ; 0 (0)            ; 0 (0)           ; 0 (0)      ; |Q1|mux_8:inst16|mux_4:inst|busmux:mux2|lpm_mux:$00000|mux_p6c:auto_generated    ; work         ;
;    |mux_8:inst17|                       ; 16 (0)      ; 0            ; 0          ; 0    ; 0            ; 16 (0)       ; 0 (0)             ; 0 (0)            ; 0 (0)           ; 0 (0)      ; |Q1|mux_8:inst17                                                                 ; work         ;
;       |busmux:inst2|                    ; 8 (0)       ; 0            ; 0          ; 0    ; 0            ; 8 (0)        ; 0 (0)             ; 0 (0)            ; 0 (0)           ; 0 (0)      ; |Q1|mux_8:inst17|busmux:inst2                                                    ; work         ;
;          |lpm_mux:$00000|               ; 8 (0)       ; 0            ; 0          ; 0    ; 0            ; 8 (0)        ; 0 (0)             ; 0 (0)            ; 0 (0)           ; 0 (0)      ; |Q1|mux_8:inst17|busmux:inst2|lpm_mux:$00000                                     ; work         ;
;             |mux_p6c:auto_generated|    ; 8 (8)       ; 0            ; 0          ; 0    ; 0            ; 8 (8)        ; 0 (0)             ; 0 (0)            ; 0 (0)           ; 0 (0)      ; |Q1|mux_8:inst17|busmux:inst2|lpm_mux:$00000|mux_p6c:auto_generated              ; work         ;
;       |mux_4:inst3|                     ; 8 (0)       ; 0            ; 0          ; 0    ; 0            ; 8 (0)        ; 0 (0)             ; 0 (0)            ; 0 (0)           ; 0 (0)      ; |Q1|mux_8:inst17|mux_4:inst3                                                     ; work         ;
;          |busmux:mux2|                  ; 8 (0)       ; 0            ; 0          ; 0    ; 0            ; 8 (0)        ; 0 (0)             ; 0 (0)            ; 0 (0)           ; 0 (0)      ; |Q1|mux_8:inst17|mux_4:inst3|busmux:mux2                                         ; work         ;
;             |lpm_mux:$00000|            ; 8 (0)       ; 0            ; 0          ; 0    ; 0            ; 8 (0)        ; 0 (0)             ; 0 (0)            ; 0 (0)           ; 0 (0)      ; |Q1|mux_8:inst17|mux_4:inst3|busmux:mux2|lpm_mux:$00000                          ; work         ;
;                |mux_p6c:auto_generated| ; 8 (8)       ; 0            ; 0          ; 0    ; 0            ; 8 (8)        ; 0 (0)             ; 0 (0)            ; 0 (0)           ; 0 (0)      ; |Q1|mux_8:inst17|mux_4:inst3|busmux:mux2|lpm_mux:$00000|mux_p6c:auto_generated   ; work         ;
;    |mux_8:inst19|                       ; 16 (0)      ; 0            ; 0          ; 0    ; 0            ; 16 (0)       ; 0 (0)             ; 0 (0)            ; 0 (0)           ; 0 (0)      ; |Q1|mux_8:inst19                                                                 ; work         ;
;       |busmux:inst2|                    ; 8 (0)       ; 0            ; 0          ; 0    ; 0            ; 8 (0)        ; 0 (0)             ; 0 (0)            ; 0 (0)           ; 0 (0)      ; |Q1|mux_8:inst19|busmux:inst2                                                    ; work         ;
;          |lpm_mux:$00000|               ; 8 (0)       ; 0            ; 0          ; 0    ; 0            ; 8 (0)        ; 0 (0)             ; 0 (0)            ; 0 (0)           ; 0 (0)      ; |Q1|mux_8:inst19|busmux:inst2|lpm_mux:$00000                                     ; work         ;
;             |mux_p6c:auto_generated|    ; 8 (8)       ; 0            ; 0          ; 0    ; 0            ; 8 (8)        ; 0 (0)             ; 0 (0)            ; 0 (0)           ; 0 (0)      ; |Q1|mux_8:inst19|busmux:inst2|lpm_mux:$00000|mux_p6c:auto_generated              ; work         ;
;       |mux_4:inst3|                     ; 8 (0)       ; 0            ; 0          ; 0    ; 0            ; 8 (0)        ; 0 (0)             ; 0 (0)            ; 0 (0)           ; 0 (0)      ; |Q1|mux_8:inst19|mux_4:inst3                                                     ; work         ;
;          |busmux:mux2|                  ; 8 (0)       ; 0            ; 0          ; 0    ; 0            ; 8 (0)        ; 0 (0)             ; 0 (0)            ; 0 (0)           ; 0 (0)      ; |Q1|mux_8:inst19|mux_4:inst3|busmux:mux2                                         ; work         ;
;             |lpm_mux:$00000|            ; 8 (0)       ; 0            ; 0          ; 0    ; 0            ; 8 (0)        ; 0 (0)             ; 0 (0)            ; 0 (0)           ; 0 (0)      ; |Q1|mux_8:inst19|mux_4:inst3|busmux:mux2|lpm_mux:$00000                          ; work         ;
;                |mux_p6c:auto_generated| ; 8 (8)       ; 0            ; 0          ; 0    ; 0            ; 8 (8)        ; 0 (0)             ; 0 (0)            ; 0 (0)           ; 0 (0)      ; |Q1|mux_8:inst19|mux_4:inst3|busmux:mux2|lpm_mux:$00000|mux_p6c:auto_generated   ; work         ;
;    |mux_8:inst20|                       ; 16 (0)      ; 0            ; 0          ; 0    ; 0            ; 16 (0)       ; 0 (0)             ; 0 (0)            ; 0 (0)           ; 0 (0)      ; |Q1|mux_8:inst20                                                                 ; work         ;
;       |busmux:inst2|                    ; 8 (0)       ; 0            ; 0          ; 0    ; 0            ; 8 (0)        ; 0 (0)             ; 0 (0)            ; 0 (0)           ; 0 (0)      ; |Q1|mux_8:inst20|busmux:inst2                                                    ; work         ;
;          |lpm_mux:$00000|               ; 8 (0)       ; 0            ; 0          ; 0    ; 0            ; 8 (0)        ; 0 (0)             ; 0 (0)            ; 0 (0)           ; 0 (0)      ; |Q1|mux_8:inst20|busmux:inst2|lpm_mux:$00000                                     ; work         ;
;             |mux_p6c:auto_generated|    ; 8 (8)       ; 0            ; 0          ; 0    ; 0            ; 8 (8)        ; 0 (0)             ; 0 (0)            ; 0 (0)           ; 0 (0)      ; |Q1|mux_8:inst20|busmux:inst2|lpm_mux:$00000|mux_p6c:auto_generated              ; work         ;
;       |mux_4:inst3|                     ; 8 (0)       ; 0            ; 0          ; 0    ; 0            ; 8 (0)        ; 0 (0)             ; 0 (0)            ; 0 (0)           ; 0 (0)      ; |Q1|mux_8:inst20|mux_4:inst3                                                     ; work         ;
;          |busmux:mux2|                  ; 8 (0)       ; 0            ; 0          ; 0    ; 0            ; 8 (0)        ; 0 (0)             ; 0 (0)            ; 0 (0)           ; 0 (0)      ; |Q1|mux_8:inst20|mux_4:inst3|busmux:mux2                                         ; work         ;
;             |lpm_mux:$00000|            ; 8 (0)       ; 0            ; 0          ; 0    ; 0            ; 8 (0)        ; 0 (0)             ; 0 (0)            ; 0 (0)           ; 0 (0)      ; |Q1|mux_8:inst20|mux_4:inst3|busmux:mux2|lpm_mux:$00000                          ; work         ;
;                |mux_p6c:auto_generated| ; 8 (8)       ; 0            ; 0          ; 0    ; 0            ; 8 (8)        ; 0 (0)             ; 0 (0)            ; 0 (0)           ; 0 (0)      ; |Q1|mux_8:inst20|mux_4:inst3|busmux:mux2|lpm_mux:$00000|mux_p6c:auto_generated   ; work         ;
;    |mux_8:instance|                     ; 16 (0)      ; 0            ; 0          ; 0    ; 0            ; 16 (0)       ; 0 (0)             ; 0 (0)            ; 0 (0)           ; 0 (0)      ; |Q1|mux_8:instance                                                               ; work         ;
;       |busmux:inst2|                    ; 8 (0)       ; 0            ; 0          ; 0    ; 0            ; 8 (0)        ; 0 (0)             ; 0 (0)            ; 0 (0)           ; 0 (0)      ; |Q1|mux_8:instance|busmux:inst2                                                  ; work         ;
;          |lpm_mux:$00000|               ; 8 (0)       ; 0            ; 0          ; 0    ; 0            ; 8 (0)        ; 0 (0)             ; 0 (0)            ; 0 (0)           ; 0 (0)      ; |Q1|mux_8:instance|busmux:inst2|lpm_mux:$00000                                   ; work         ;
;             |mux_p6c:auto_generated|    ; 8 (8)       ; 0            ; 0          ; 0    ; 0            ; 8 (8)        ; 0 (0)             ; 0 (0)            ; 0 (0)           ; 0 (0)      ; |Q1|mux_8:instance|busmux:inst2|lpm_mux:$00000|mux_p6c:auto_generated            ; work         ;
;       |mux_4:inst3|                     ; 8 (0)       ; 0            ; 0          ; 0    ; 0            ; 8 (0)        ; 0 (0)             ; 0 (0)            ; 0 (0)           ; 0 (0)      ; |Q1|mux_8:instance|mux_4:inst3                                                   ; work         ;
;          |busmux:mux2|                  ; 8 (0)       ; 0            ; 0          ; 0    ; 0            ; 8 (0)        ; 0 (0)             ; 0 (0)            ; 0 (0)           ; 0 (0)      ; |Q1|mux_8:instance|mux_4:inst3|busmux:mux2                                       ; work         ;
;             |lpm_mux:$00000|            ; 8 (0)       ; 0            ; 0          ; 0    ; 0            ; 8 (0)        ; 0 (0)             ; 0 (0)            ; 0 (0)           ; 0 (0)      ; |Q1|mux_8:instance|mux_4:inst3|busmux:mux2|lpm_mux:$00000                        ; work         ;
;                |mux_p6c:auto_generated| ; 8 (8)       ; 0            ; 0          ; 0    ; 0            ; 8 (8)        ; 0 (0)             ; 0 (0)            ; 0 (0)           ; 0 (0)      ; |Q1|mux_8:instance|mux_4:inst3|busmux:mux2|lpm_mux:$00000|mux_p6c:auto_generated ; work         ;
;    |register_8bit:inst12|               ; 11 (11)     ; 8            ; 0          ; 0    ; 0            ; 3 (3)        ; 0 (0)             ; 8 (8)            ; 0 (0)           ; 0 (0)      ; |Q1|register_8bit:inst12                                                         ; work         ;
;    |register_8bit:inst13|               ; 11 (11)     ; 8            ; 0          ; 0    ; 0            ; 3 (3)        ; 0 (0)             ; 8 (8)            ; 0 (0)           ; 0 (0)      ; |Q1|register_8bit:inst13                                                         ; work         ;
;    |register_8bit:inst14|               ; 11 (11)     ; 8            ; 0          ; 0    ; 0            ; 3 (3)        ; 0 (0)             ; 8 (8)            ; 0 (0)           ; 0 (0)      ; |Q1|register_8bit:inst14                                                         ; work         ;
;    |register_8bit:instance1|            ; 11 (11)     ; 8            ; 0          ; 0    ; 0            ; 3 (3)        ; 0 (0)             ; 8 (8)            ; 0 (0)           ; 0 (0)      ; |Q1|register_8bit:instance1                                                      ; work         ;
+-----------------------------------------+-------------+--------------+------------+------+--------------+--------------+-------------------+------------------+-----------------+------------+----------------------------------------------------------------------------------+--------------+
Note: For table entries with two numbers listed, the numbers in parentheses indicate the number of resources of the given type used by the specific entity alone. The numbers listed outside of parentheses indicate the total resources of the given type used by the specific entity and all of its sub-entities in the hierarchy.


+------------------------------------------------------+
; General Register Statistics                          ;
+----------------------------------------------+-------+
; Statistic                                    ; Value ;
+----------------------------------------------+-------+
; Total registers                              ; 32    ;
; Number of registers using Synchronous Clear  ; 0     ;
; Number of registers using Synchronous Load   ; 0     ;
; Number of registers using Asynchronous Clear ; 0     ;
; Number of registers using Asynchronous Load  ; 0     ;
; Number of registers using Clock Enable       ; 32    ;
; Number of registers using Preset             ; 0     ;
+----------------------------------------------+-------+


+------------------------------------------------------------------------------------------------------------------------------------------------------------------------------------------------------------+
; Multiplexer Restructuring Statistics (Restructuring Performed)                                                                                                                                             ;
+--------------------+-----------+---------------+----------------------+------------------------+------------+----------------------------------------------------------------------------------------------+
; Multiplexer Inputs ; Bus Width ; Baseline Area ; Area if Restructured ; Saving if Restructured ; Registered ; Example Multiplexer Output                                                                   ;
+--------------------+-----------+---------------+----------------------+------------------------+------------+----------------------------------------------------------------------------------------------+
; 5:1                ; 8 bits    ; 24 LEs        ; 16 LEs               ; 8 LEs                  ; Yes        ; |Q1|register_8bit:instance1|inst8                                                            ;
; 5:1                ; 8 bits    ; 24 LEs        ; 16 LEs               ; 8 LEs                  ; Yes        ; |Q1|register_8bit:inst12|inst8                                                               ;
; 5:1                ; 8 bits    ; 24 LEs        ; 16 LEs               ; 8 LEs                  ; Yes        ; |Q1|register_8bit:inst13|inst                                                                ;
; 5:1                ; 8 bits    ; 24 LEs        ; 16 LEs               ; 8 LEs                  ; Yes        ; |Q1|register_8bit:inst14|inst2                                                               ;
; 4:1                ; 6 bits    ; 12 LEs        ; 12 LEs               ; 0 LEs                  ; No         ; |Q1|mux_8:inst16|mux_4:inst|busmux:mux2|lpm_mux:$00000|mux_p6c:auto_generated|result_node[0] ;
; 5:1                ; 2 bits    ; 6 LEs         ; 6 LEs                ; 0 LEs                  ; No         ; |Q1|mux_8:inst16|busmux:inst2|lpm_mux:$00000|mux_p6c:auto_generated|result_node[1]           ;
; 5:1                ; 7 bits    ; 21 LEs        ; 21 LEs               ; 0 LEs                  ; No         ; |Q1|mux_8:inst15|busmux:inst2|lpm_mux:$00000|mux_p6c:auto_generated|result_node[5]           ;
+--------------------+-----------+---------------+----------------------+------------------------+------------+----------------------------------------------------------------------------------------------+


+--------------------------------------------------------------------------+
; Parameter Settings for User Entity Instance: mux_8:instance|BUSMUX:inst2 ;
+----------------+-------+-------------------------------------------------+
; Parameter Name ; Value ; Type                                            ;
+----------------+-------+-------------------------------------------------+
; WIDTH          ; 8     ; Signed Integer                                  ;
+----------------+-------+-------------------------------------------------+
Note: In order to hide this table in the UI and the text report file, please set the "Show Parameter Settings in Synthesis Report" option in "Analysis and Synthesis Settings -> More Settings" to "Off".


+------------------------------------------------------------------------------------+
; Parameter Settings for User Entity Instance: mux_8:instance|mux_4:inst|BUSMUX:mux2 ;
+----------------+-------+-----------------------------------------------------------+
; Parameter Name ; Value ; Type                                                      ;
+----------------+-------+-----------------------------------------------------------+
; WIDTH          ; 8     ; Signed Integer                                            ;
+----------------+-------+-----------------------------------------------------------+
Note: In order to hide this table in the UI and the text report file, please set the "Show Parameter Settings in Synthesis Report" option in "Analysis and Synthesis Settings -> More Settings" to "Off".


+-----------------------------------------------------------------------------------+
; Parameter Settings for User Entity Instance: mux_8:instance|mux_4:inst|BUSMUX:mux ;
+----------------+-------+----------------------------------------------------------+
; Parameter Name ; Value ; Type                                                     ;
+----------------+-------+----------------------------------------------------------+
; WIDTH          ; 8     ; Signed Integer                                           ;
+----------------+-------+----------------------------------------------------------+
Note: In order to hide this table in the UI and the text report file, please set the "Show Parameter Settings in Synthesis Report" option in "Analysis and Synthesis Settings -> More Settings" to "Off".


+------------------------------------------------------------------------------------+
; Parameter Settings for User Entity Instance: mux_8:instance|mux_4:inst|BUSMUX:mux1 ;
+----------------+-------+-----------------------------------------------------------+
; Parameter Name ; Value ; Type                                                      ;
+----------------+-------+-----------------------------------------------------------+
; WIDTH          ; 8     ; Signed Integer                                            ;
+----------------+-------+-----------------------------------------------------------+
Note: In order to hide this table in the UI and the text report file, please set the "Show Parameter Settings in Synthesis Report" option in "Analysis and Synthesis Settings -> More Settings" to "Off".


+-------------------------------------------------------------------------------------+
; Parameter Settings for User Entity Instance: mux_8:instance|mux_4:inst3|BUSMUX:mux2 ;
+----------------+-------+------------------------------------------------------------+
; Parameter Name ; Value ; Type                                                       ;
+----------------+-------+------------------------------------------------------------+
; WIDTH          ; 8     ; Signed Integer                                             ;
+----------------+-------+------------------------------------------------------------+
Note: In order to hide this table in the UI and the text report file, please set the "Show Parameter Settings in Synthesis Report" option in "Analysis and Synthesis Settings -> More Settings" to "Off".


+------------------------------------------------------------------------------------+
; Parameter Settings for User Entity Instance: mux_8:instance|mux_4:inst3|BUSMUX:mux ;
+----------------+-------+-----------------------------------------------------------+
; Parameter Name ; Value ; Type                                                      ;
+----------------+-------+-----------------------------------------------------------+
; WIDTH          ; 8     ; Signed Integer                                            ;
+----------------+-------+-----------------------------------------------------------+
Note: In order to hide this table in the UI and the text report file, please set the "Show Parameter Settings in Synthesis Report" option in "Analysis and Synthesis Settings -> More Settings" to "Off".


+-------------------------------------------------------------------------------------+
; Parameter Settings for User Entity Instance: mux_8:instance|mux_4:inst3|BUSMUX:mux1 ;
+----------------+-------+------------------------------------------------------------+
; Parameter Name ; Value ; Type                                                       ;
+----------------+-------+------------------------------------------------------------+
; WIDTH          ; 8     ; Signed Integer                                             ;
+----------------+-------+------------------------------------------------------------+
Note: In order to hide this table in the UI and the text report file, please set the "Show Parameter Settings in Synthesis Report" option in "Analysis and Synthesis Settings -> More Settings" to "Off".


+------------------------------------------------------------------------+
; Parameter Settings for User Entity Instance: mux_8:inst17|BUSMUX:inst2 ;
+----------------+-------+-----------------------------------------------+
; Parameter Name ; Value ; Type                                          ;
+----------------+-------+-----------------------------------------------+
; WIDTH          ; 8     ; Signed Integer                                ;
+----------------+-------+-----------------------------------------------+
Note: In order to hide this table in the UI and the text report file, please set the "Show Parameter Settings in Synthesis Report" option in "Analysis and Synthesis Settings -> More Settings" to "Off".


+----------------------------------------------------------------------------------+
; Parameter Settings for User Entity Instance: mux_8:inst17|mux_4:inst|BUSMUX:mux2 ;
+----------------+-------+---------------------------------------------------------+
; Parameter Name ; Value ; Type                                                    ;
+----------------+-------+---------------------------------------------------------+
; WIDTH          ; 8     ; Signed Integer                                          ;
+----------------+-------+---------------------------------------------------------+
Note: In order to hide this table in the UI and the text report file, please set the "Show Parameter Settings in Synthesis Report" option in "Analysis and Synthesis Settings -> More Settings" to "Off".


+---------------------------------------------------------------------------------+
; Parameter Settings for User Entity Instance: mux_8:inst17|mux_4:inst|BUSMUX:mux ;
+----------------+-------+--------------------------------------------------------+
; Parameter Name ; Value ; Type                                                   ;
+----------------+-------+--------------------------------------------------------+
; WIDTH          ; 8     ; Signed Integer                                         ;
+----------------+-------+--------------------------------------------------------+
Note: In order to hide this table in the UI and the text report file, please set the "Show Parameter Settings in Synthesis Report" option in "Analysis and Synthesis Settings -> More Settings" to "Off".


+----------------------------------------------------------------------------------+
; Parameter Settings for User Entity Instance: mux_8:inst17|mux_4:inst|BUSMUX:mux1 ;
+----------------+-------+---------------------------------------------------------+
; Parameter Name ; Value ; Type                                                    ;
+----------------+-------+---------------------------------------------------------+
; WIDTH          ; 8     ; Signed Integer                                          ;
+----------------+-------+---------------------------------------------------------+
Note: In order to hide this table in the UI and the text report file, please set the "Show Parameter Settings in Synthesis Report" option in "Analysis and Synthesis Settings -> More Settings" to "Off".


+-----------------------------------------------------------------------------------+
; Parameter Settings for User Entity Instance: mux_8:inst17|mux_4:inst3|BUSMUX:mux2 ;
+----------------+-------+----------------------------------------------------------+
; Parameter Name ; Value ; Type                                                     ;
+----------------+-------+----------------------------------------------------------+
; WIDTH          ; 8     ; Signed Integer                                           ;
+----------------+-------+----------------------------------------------------------+
Note: In order to hide this table in the UI and the text report file, please set the "Show Parameter Settings in Synthesis Report" option in "Analysis and Synthesis Settings -> More Settings" to "Off".


+----------------------------------------------------------------------------------+
; Parameter Settings for User Entity Instance: mux_8:inst17|mux_4:inst3|BUSMUX:mux ;
+----------------+-------+---------------------------------------------------------+
; Parameter Name ; Value ; Type                                                    ;
+----------------+-------+---------------------------------------------------------+
; WIDTH          ; 8     ; Signed Integer                                          ;
+----------------+-------+---------------------------------------------------------+
Note: In order to hide this table in the UI and the text report file, please set the "Show Parameter Settings in Synthesis Report" option in "Analysis and Synthesis Settings -> More Settings" to "Off".


+-----------------------------------------------------------------------------------+
; Parameter Settings for User Entity Instance: mux_8:inst17|mux_4:inst3|BUSMUX:mux1 ;
+----------------+-------+----------------------------------------------------------+
; Parameter Name ; Value ; Type                                                     ;
+----------------+-------+----------------------------------------------------------+
; WIDTH          ; 8     ; Signed Integer                                           ;
+----------------+-------+----------------------------------------------------------+
Note: In order to hide this table in the UI and the text report file, please set the "Show Parameter Settings in Synthesis Report" option in "Analysis and Synthesis Settings -> More Settings" to "Off".


+------------------------------------------------------------------------+
; Parameter Settings for User Entity Instance: mux_8:inst19|BUSMUX:inst2 ;
+----------------+-------+-----------------------------------------------+
; Parameter Name ; Value ; Type                                          ;
+----------------+-------+-----------------------------------------------+
; WIDTH          ; 8     ; Signed Integer                                ;
+----------------+-------+-----------------------------------------------+
Note: In order to hide this table in the UI and the text report file, please set the "Show Parameter Settings in Synthesis Report" option in "Analysis and Synthesis Settings -> More Settings" to "Off".


+----------------------------------------------------------------------------------+
; Parameter Settings for User Entity Instance: mux_8:inst19|mux_4:inst|BUSMUX:mux2 ;
+----------------+-------+---------------------------------------------------------+
; Parameter Name ; Value ; Type                                                    ;
+----------------+-------+---------------------------------------------------------+
; WIDTH          ; 8     ; Signed Integer                                          ;
+----------------+-------+---------------------------------------------------------+
Note: In order to hide this table in the UI and the text report file, please set the "Show Parameter Settings in Synthesis Report" option in "Analysis and Synthesis Settings -> More Settings" to "Off".


+---------------------------------------------------------------------------------+
; Parameter Settings for User Entity Instance: mux_8:inst19|mux_4:inst|BUSMUX:mux ;
+----------------+-------+--------------------------------------------------------+
; Parameter Name ; Value ; Type                                                   ;
+----------------+-------+--------------------------------------------------------+
; WIDTH          ; 8     ; Signed Integer                                         ;
+----------------+-------+--------------------------------------------------------+
Note: In order to hide this table in the UI and the text report file, please set the "Show Parameter Settings in Synthesis Report" option in "Analysis and Synthesis Settings -> More Settings" to "Off".


+----------------------------------------------------------------------------------+
; Parameter Settings for User Entity Instance: mux_8:inst19|mux_4:inst|BUSMUX:mux1 ;
+----------------+-------+---------------------------------------------------------+
; Parameter Name ; Value ; Type                                                    ;
+----------------+-------+---------------------------------------------------------+
; WIDTH          ; 8     ; Signed Integer                                          ;
+----------------+-------+---------------------------------------------------------+
Note: In order to hide this table in the UI and the text report file, please set the "Show Parameter Settings in Synthesis Report" option in "Analysis and Synthesis Settings -> More Settings" to "Off".


+-----------------------------------------------------------------------------------+
; Parameter Settings for User Entity Instance: mux_8:inst19|mux_4:inst3|BUSMUX:mux2 ;
+----------------+-------+----------------------------------------------------------+
; Parameter Name ; Value ; Type                                                     ;
+----------------+-------+----------------------------------------------------------+
; WIDTH          ; 8     ; Signed Integer                                           ;
+----------------+-------+----------------------------------------------------------+
Note: In order to hide this table in the UI and the text report file, please set the "Show Parameter Settings in Synthesis Report" option in "Analysis and Synthesis Settings -> More Settings" to "Off".


+----------------------------------------------------------------------------------+
; Parameter Settings for User Entity Instance: mux_8:inst19|mux_4:inst3|BUSMUX:mux ;
+----------------+-------+---------------------------------------------------------+
; Parameter Name ; Value ; Type                                                    ;
+----------------+-------+---------------------------------------------------------+
; WIDTH          ; 8     ; Signed Integer                                          ;
+----------------+-------+---------------------------------------------------------+
Note: In order to hide this table in the UI and the text report file, please set the "Show Parameter Settings in Synthesis Report" option in "Analysis and Synthesis Settings -> More Settings" to "Off".


+-----------------------------------------------------------------------------------+
; Parameter Settings for User Entity Instance: mux_8:inst19|mux_4:inst3|BUSMUX:mux1 ;
+----------------+-------+----------------------------------------------------------+
; Parameter Name ; Value ; Type                                                     ;
+----------------+-------+----------------------------------------------------------+
; WIDTH          ; 8     ; Signed Integer                                           ;
+----------------+-------+----------------------------------------------------------+
Note: In order to hide this table in the UI and the text report file, please set the "Show Parameter Settings in Synthesis Report" option in "Analysis and Synthesis Settings -> More Settings" to "Off".


+------------------------------------------------------------------------+
; Parameter Settings for User Entity Instance: mux_8:inst20|BUSMUX:inst2 ;
+----------------+-------+-----------------------------------------------+
; Parameter Name ; Value ; Type                                          ;
+----------------+-------+-----------------------------------------------+
; WIDTH          ; 8     ; Signed Integer                                ;
+----------------+-------+-----------------------------------------------+
Note: In order to hide this table in the UI and the text report file, please set the "Show Parameter Settings in Synthesis Report" option in "Analysis and Synthesis Settings -> More Settings" to "Off".


+----------------------------------------------------------------------------------+
; Parameter Settings for User Entity Instance: mux_8:inst20|mux_4:inst|BUSMUX:mux2 ;
+----------------+-------+---------------------------------------------------------+
; Parameter Name ; Value ; Type                                                    ;
+----------------+-------+---------------------------------------------------------+
; WIDTH          ; 8     ; Signed Integer                                          ;
+----------------+-------+---------------------------------------------------------+
Note: In order to hide this table in the UI and the text report file, please set the "Show Parameter Settings in Synthesis Report" option in "Analysis and Synthesis Settings -> More Settings" to "Off".


+---------------------------------------------------------------------------------+
; Parameter Settings for User Entity Instance: mux_8:inst20|mux_4:inst|BUSMUX:mux ;
+----------------+-------+--------------------------------------------------------+
; Parameter Name ; Value ; Type                                                   ;
+----------------+-------+--------------------------------------------------------+
; WIDTH          ; 8     ; Signed Integer                                         ;
+----------------+-------+--------------------------------------------------------+
Note: In order to hide this table in the UI and the text report file, please set the "Show Parameter Settings in Synthesis Report" option in "Analysis and Synthesis Settings -> More Settings" to "Off".


+----------------------------------------------------------------------------------+
; Parameter Settings for User Entity Instance: mux_8:inst20|mux_4:inst|BUSMUX:mux1 ;
+----------------+-------+---------------------------------------------------------+
; Parameter Name ; Value ; Type                                                    ;
+----------------+-------+---------------------------------------------------------+
; WIDTH          ; 8     ; Signed Integer                                          ;
+----------------+-------+---------------------------------------------------------+
Note: In order to hide this table in the UI and the text report file, please set the "Show Parameter Settings in Synthesis Report" option in "Analysis and Synthesis Settings -> More Settings" to "Off".


+-----------------------------------------------------------------------------------+
; Parameter Settings for User Entity Instance: mux_8:inst20|mux_4:inst3|BUSMUX:mux2 ;
+----------------+-------+----------------------------------------------------------+
; Parameter Name ; Value ; Type                                                     ;
+----------------+-------+----------------------------------------------------------+
; WIDTH          ; 8     ; Signed Integer                                           ;
+----------------+-------+----------------------------------------------------------+
Note: In order to hide this table in the UI and the text report file, please set the "Show Parameter Settings in Synthesis Report" option in "Analysis and Synthesis Settings -> More Settings" to "Off".


+----------------------------------------------------------------------------------+
; Parameter Settings for User Entity Instance: mux_8:inst20|mux_4:inst3|BUSMUX:mux ;
+----------------+-------+---------------------------------------------------------+
; Parameter Name ; Value ; Type                                                    ;
+----------------+-------+---------------------------------------------------------+
; WIDTH          ; 8     ; Signed Integer                                          ;
+----------------+-------+---------------------------------------------------------+
Note: In order to hide this table in the UI and the text report file, please set the "Show Parameter Settings in Synthesis Report" option in "Analysis and Synthesis Settings -> More Settings" to "Off".


+-----------------------------------------------------------------------------------+
; Parameter Settings for User Entity Instance: mux_8:inst20|mux_4:inst3|BUSMUX:mux1 ;
+----------------+-------+----------------------------------------------------------+
; Parameter Name ; Value ; Type                                                     ;
+----------------+-------+----------------------------------------------------------+
; WIDTH          ; 8     ; Signed Integer                                           ;
+----------------+-------+----------------------------------------------------------+
Note: In order to hide this table in the UI and the text report file, please set the "Show Parameter Settings in Synthesis Report" option in "Analysis and Synthesis Settings -> More Settings" to "Off".


+------------------------------------------------------------------------+
; Parameter Settings for User Entity Instance: mux_8:inst15|BUSMUX:inst2 ;
+----------------+-------+-----------------------------------------------+
; Parameter Name ; Value ; Type                                          ;
+----------------+-------+-----------------------------------------------+
; WIDTH          ; 8     ; Signed Integer                                ;
+----------------+-------+-----------------------------------------------+
Note: In order to hide this table in the UI and the text report file, please set the "Show Parameter Settings in Synthesis Report" option in "Analysis and Synthesis Settings -> More Settings" to "Off".


+----------------------------------------------------------------------------------+
; Parameter Settings for User Entity Instance: mux_8:inst15|mux_4:inst|BUSMUX:mux2 ;
+----------------+-------+---------------------------------------------------------+
; Parameter Name ; Value ; Type                                                    ;
+----------------+-------+---------------------------------------------------------+
; WIDTH          ; 8     ; Signed Integer                                          ;
+----------------+-------+---------------------------------------------------------+
Note: In order to hide this table in the UI and the text report file, please set the "Show Parameter Settings in Synthesis Report" option in "Analysis and Synthesis Settings -> More Settings" to "Off".


+---------------------------------------------------------------------------------+
; Parameter Settings for User Entity Instance: mux_8:inst15|mux_4:inst|BUSMUX:mux ;
+----------------+-------+--------------------------------------------------------+
; Parameter Name ; Value ; Type                                                   ;
+----------------+-------+--------------------------------------------------------+
; WIDTH          ; 8     ; Signed Integer                                         ;
+----------------+-------+--------------------------------------------------------+
Note: In order to hide this table in the UI and the text report file, please set the "Show Parameter Settings in Synthesis Report" option in "Analysis and Synthesis Settings -> More Settings" to "Off".


+----------------------------------------------------------------------------------+
; Parameter Settings for User Entity Instance: mux_8:inst15|mux_4:inst|BUSMUX:mux1 ;
+----------------+-------+---------------------------------------------------------+
; Parameter Name ; Value ; Type                                                    ;
+----------------+-------+---------------------------------------------------------+
; WIDTH          ; 8     ; Signed Integer                                          ;
+----------------+-------+---------------------------------------------------------+
Note: In order to hide this table in the UI and the text report file, please set the "Show Parameter Settings in Synthesis Report" option in "Analysis and Synthesis Settings -> More Settings" to "Off".


+-----------------------------------------------------------------------------------+
; Parameter Settings for User Entity Instance: mux_8:inst15|mux_4:inst3|BUSMUX:mux2 ;
+----------------+-------+----------------------------------------------------------+
; Parameter Name ; Value ; Type                                                     ;
+----------------+-------+----------------------------------------------------------+
; WIDTH          ; 8     ; Signed Integer                                           ;
+----------------+-------+----------------------------------------------------------+
Note: In order to hide this table in the UI and the text report file, please set the "Show Parameter Settings in Synthesis Report" option in "Analysis and Synthesis Settings -> More Settings" to "Off".


+----------------------------------------------------------------------------------+
; Parameter Settings for User Entity Instance: mux_8:inst15|mux_4:inst3|BUSMUX:mux ;
+----------------+-------+---------------------------------------------------------+
; Parameter Name ; Value ; Type                                                    ;
+----------------+-------+---------------------------------------------------------+
; WIDTH          ; 8     ; Signed Integer                                          ;
+----------------+-------+---------------------------------------------------------+
Note: In order to hide this table in the UI and the text report file, please set the "Show Parameter Settings in Synthesis Report" option in "Analysis and Synthesis Settings -> More Settings" to "Off".


+-----------------------------------------------------------------------------------+
; Parameter Settings for User Entity Instance: mux_8:inst15|mux_4:inst3|BUSMUX:mux1 ;
+----------------+-------+----------------------------------------------------------+
; Parameter Name ; Value ; Type                                                     ;
+----------------+-------+----------------------------------------------------------+
; WIDTH          ; 8     ; Signed Integer                                           ;
+----------------+-------+----------------------------------------------------------+
Note: In order to hide this table in the UI and the text report file, please set the "Show Parameter Settings in Synthesis Report" option in "Analysis and Synthesis Settings -> More Settings" to "Off".


+------------------------------------------------------------------------+
; Parameter Settings for User Entity Instance: mux_8:inst16|BUSMUX:inst2 ;
+----------------+-------+-----------------------------------------------+
; Parameter Name ; Value ; Type                                          ;
+----------------+-------+-----------------------------------------------+
; WIDTH          ; 8     ; Signed Integer                                ;
+----------------+-------+-----------------------------------------------+
Note: In order to hide this table in the UI and the text report file, please set the "Show Parameter Settings in Synthesis Report" option in "Analysis and Synthesis Settings -> More Settings" to "Off".


+----------------------------------------------------------------------------------+
; Parameter Settings for User Entity Instance: mux_8:inst16|mux_4:inst|BUSMUX:mux2 ;
+----------------+-------+---------------------------------------------------------+
; Parameter Name ; Value ; Type                                                    ;
+----------------+-------+---------------------------------------------------------+
; WIDTH          ; 8     ; Signed Integer                                          ;
+----------------+-------+---------------------------------------------------------+
Note: In order to hide this table in the UI and the text report file, please set the "Show Parameter Settings in Synthesis Report" option in "Analysis and Synthesis Settings -> More Settings" to "Off".


+---------------------------------------------------------------------------------+
; Parameter Settings for User Entity Instance: mux_8:inst16|mux_4:inst|BUSMUX:mux ;
+----------------+-------+--------------------------------------------------------+
; Parameter Name ; Value ; Type                                                   ;
+----------------+-------+--------------------------------------------------------+
; WIDTH          ; 8     ; Signed Integer                                         ;
+----------------+-------+--------------------------------------------------------+
Note: In order to hide this table in the UI and the text report file, please set the "Show Parameter Settings in Synthesis Report" option in "Analysis and Synthesis Settings -> More Settings" to "Off".


+----------------------------------------------------------------------------------+
; Parameter Settings for User Entity Instance: mux_8:inst16|mux_4:inst|BUSMUX:mux1 ;
+----------------+-------+---------------------------------------------------------+
; Parameter Name ; Value ; Type                                                    ;
+----------------+-------+---------------------------------------------------------+
; WIDTH          ; 8     ; Signed Integer                                          ;
+----------------+-------+---------------------------------------------------------+
Note: In order to hide this table in the UI and the text report file, please set the "Show Parameter Settings in Synthesis Report" option in "Analysis and Synthesis Settings -> More Settings" to "Off".


+-----------------------------------------------------------------------------------+
; Parameter Settings for User Entity Instance: mux_8:inst16|mux_4:inst3|BUSMUX:mux2 ;
+----------------+-------+----------------------------------------------------------+
; Parameter Name ; Value ; Type                                                     ;
+----------------+-------+----------------------------------------------------------+
; WIDTH          ; 8     ; Signed Integer                                           ;
+----------------+-------+----------------------------------------------------------+
Note: In order to hide this table in the UI and the text report file, please set the "Show Parameter Settings in Synthesis Report" option in "Analysis and Synthesis Settings -> More Settings" to "Off".


+----------------------------------------------------------------------------------+
; Parameter Settings for User Entity Instance: mux_8:inst16|mux_4:inst3|BUSMUX:mux ;
+----------------+-------+---------------------------------------------------------+
; Parameter Name ; Value ; Type                                                    ;
+----------------+-------+---------------------------------------------------------+
; WIDTH          ; 8     ; Signed Integer                                          ;
+----------------+-------+---------------------------------------------------------+
Note: In order to hide this table in the UI and the text report file, please set the "Show Parameter Settings in Synthesis Report" option in "Analysis and Synthesis Settings -> More Settings" to "Off".


+-----------------------------------------------------------------------------------+
; Parameter Settings for User Entity Instance: mux_8:inst16|mux_4:inst3|BUSMUX:mux1 ;
+----------------+-------+----------------------------------------------------------+
; Parameter Name ; Value ; Type                                                     ;
+----------------+-------+----------------------------------------------------------+
; WIDTH          ; 8     ; Signed Integer                                           ;
+----------------+-------+----------------------------------------------------------+
Note: In order to hide this table in the UI and the text report file, please set the "Show Parameter Settings in Synthesis Report" option in "Analysis and Synthesis Settings -> More Settings" to "Off".


+-------------------------------+
; Analysis & Synthesis Messages ;
+-------------------------------+
Info: *******************************************************************
Info: Running Quartus II 64-Bit Analysis & Synthesis
    Info: Version 13.1.0 Build 162 10/23/2013 SJ Web Edition
    Info: Processing started: Wed Mar 06 14:43:19 2024
Info: Command: quartus_map --read_settings_files=on --write_settings_files=off full_adder_1_bit -c full_adder_1_bit
Warning (20028): Parallel compilation is not licensed and has been disabled
Info (12021): Found 1 design units, including 1 entities, in source file full_adder_1_bit.bdf
    Info (12023): Found entity 1: full_adder_1_bit
Info (12021): Found 1 design units, including 1 entities, in source file full_adder_8_bit.bdf
    Info (12023): Found entity 1: full_adder_8_bit
Warning (12019): Can't analyze file -- file test.bdf is missing
Info (12021): Found 1 design units, including 1 entities, in source file mux_4.bdf
    Info (12023): Found entity 1: mux_4
Info (12021): Found 1 design units, including 1 entities, in source file mux_8.bdf
    Info (12023): Found entity 1: mux_8
Info (12021): Found 1 design units, including 1 entities, in source file register_8bit.bdf
    Info (12023): Found entity 1: register_8bit
Info (12021): Found 1 design units, including 1 entities, in source file alu.bdf
    Info (12023): Found entity 1: ALU
Info (12021): Found 1 design units, including 1 entities, in source file q1.bdf
    Info (12023): Found entity 1: Q1
Info (12127): Elaborating entity "Q1" for the top level hierarchy
Info (12128): Elaborating entity "register_8bit" for hierarchy "register_8bit:instance1"
Info (12128): Elaborating entity "mux_8" for hierarchy "mux_8:instance"
Info (12128): Elaborating entity "BUSMUX" for hierarchy "mux_8:instance|BUSMUX:inst2"
Info (12130): Elaborated megafunction instantiation "mux_8:instance|BUSMUX:inst2"
Info (12133): Instantiated megafunction "mux_8:instance|BUSMUX:inst2" with the following parameter:
    Info (12134): Parameter "WIDTH" = "8"
Info (12128): Elaborating entity "lpm_mux" for hierarchy "mux_8:instance|BUSMUX:inst2|lpm_mux:$00000"
Info (12131): Elaborated megafunction instantiation "mux_8:instance|BUSMUX:inst2|lpm_mux:$00000", which is child of megafunction instantiation "mux_8:instance|BUSMUX:inst2"
Info (12021): Found 1 design units, including 1 entities, in source file db/mux_p6c.tdf
    Info (12023): Found entity 1: mux_p6c
Info (12128): Elaborating entity "mux_p6c" for hierarchy "mux_8:instance|BUSMUX:inst2|lpm_mux:$00000|mux_p6c:auto_generated"
Info (12128): Elaborating entity "mux_4" for hierarchy "mux_8:instance|mux_4:inst"
Info (12128): Elaborating entity "ALU" for hierarchy "ALU:inst18"
Info (12128): Elaborating entity "full_adder_8_bit" for hierarchy "ALU:inst18|full_adder_8_bit:inst"
Info (12128): Elaborating entity "full_adder_1_bit" for hierarchy "ALU:inst18|full_adder_8_bit:inst|full_adder_1_bit:inst8"
Info (21057): Implemented 230 device resources after synthesis - the final resource count might be different
    Info (21058): Implemented 19 input pins
    Info (21059): Implemented 40 output pins
    Info (21061): Implemented 171 logic cells
Info: Quartus II 64-Bit Analysis & Synthesis was successful. 0 errors, 2 warnings
    Info: Peak virtual memory: 4601 megabytes
    Info: Processing ended: Wed Mar 06 14:43:21 2024
    Info: Elapsed time: 00:00:02
    Info: Total CPU time (on all processors): 00:00:01


